#
# There is insufficient memory for the Java Runtime Environment to continue.
# Native memory allocation (malloc) failed to allocate 1048576 bytes for AllocateHeap
# Possible reasons:
#   The system is out of physical RAM or swap space
#   The process is running with CompressedOops enabled, and the Java Heap may be blocking the growth of the native heap
# Possible solutions:
#   Reduce memory load on the system
#   Increase physical memory or swap space
#   Check if swap backing store is full
#   Decrease Java heap size (-Xmx/-Xms)
#   Decrease number of Java threads
#   Decrease Java thread stack sizes (-Xss)
#   Set larger code cache with -XX:ReservedCodeCacheSize=
#   JVM is running with Unscaled Compressed Oops mode in which the Java heap is
#     placed in the first 4GB address space. The Java Heap base address is the
#     maximum limit for the native heap growth. Please use -XX:HeapBaseMinAddress
#     to set the Java Heap base and to place the Java Heap above 4GB virtual address.
# This output file may be truncated or incomplete.
#
#  Out of Memory Error (memory/allocation.inline.hpp:61), pid=16304, tid=0x0000000000000b34
#
# JRE version:  (8.0_242-b01) (build )
# Java VM: OpenJDK 64-Bit Server VM (25.242-b01 mixed mode windows-amd64 compressed oops)
# Failed to write core dump. Minidumps are not enabled by default on client versions of Windows
#

---------------  T H R E A D  ---------------

Current thread (0x0000000002fd5800):  JavaThread "Unknown thread" [_thread_in_vm, id=2868, stack(0x0000000002ed0000,0x0000000002fd0000)]

Stack: [0x0000000002ed0000,0x0000000002fd0000]
[error occurred during error reporting (printing stack bounds), id 0xc0000005]

Native frames: (J=compiled Java code, j=interpreted, Vv=VM code, C=native code)


---------------  P R O C E S S  ---------------

Java Threads: ( => current thread )

Other Threads:

=>0x0000000002fd5800 (exited) JavaThread "Unknown thread" [_thread_in_vm, id=2868, stack(0x0000000002ed0000,0x0000000002fd0000)]

VM state:not at safepoint (normal execution)

VM Mutex/Monitor currently owned by a thread: None

heap address: 0x00000000fc000000, size: 64 MB, Compressed Oops mode: 32-bit
Narrow klass base: 0x0000000000000000, Narrow klass shift: 3
Compressed class space size: 1073741824 Address: 0x0000000100000000

Heap:
 PSYoungGen      total 18944K, used 327K [0x00000000feb00000, 0x0000000100000000, 0x0000000100000000)
  eden space 16384K, 2% used [0x00000000feb00000,0x00000000feb51ec8,0x00000000ffb00000)
  from space 2560K, 0% used [0x00000000ffd80000,0x00000000ffd80000,0x0000000100000000)
  to   space 2560K, 0% used [0x00000000ffb00000,0x00000000ffb00000,0x00000000ffd80000)
 ParOldGen       total 44032K, used 0K [0x00000000fc000000, 0x00000000feb00000, 0x00000000feb00000)
  object space 44032K, 0% used [0x00000000fc000000,0x00000000fc000000,0x00000000feb00000)
 Metaspace       used 779K, capacity 4480K, committed 4480K, reserved 1056768K
  class space    used 74K, capacity 384K, committed 384K, reserved 1048576K

Card table byte_map: [0x00000000010c0000,0x00000000010f0000] byte_map_base: 0x00000000008e0000

Marking Bits: (ParMarkBitMap*) 0x00000000584bf030
 Begin Bits: [0x0000000012e90000, 0x0000000012f90000)
 End Bits:   [0x0000000012f90000, 0x0000000013090000)

Polling page: 0x00000000009c0000

CodeCache: size=245760Kb used=328Kb max_used=328Kb free=245431Kb
 bounds [0x00000000030d0000, 0x0000000003340000, 0x00000000120d0000]
 total_blobs=57 nmethods=0 adapters=38
 compilation: enabled

Compilation events (0 events):
No events

GC Heap History (0 events):
No events

Deoptimization events (0 events):
No events

Classes redefined (0 events):
No events

Internal exceptions (0 events):
No events

Events (10 events):
Event: 0.067 loading class java/lang/Short
Event: 0.067 loading class java/lang/Short done
Event: 0.067 loading class java/lang/Integer
Event: 0.067 loading class java/lang/Integer done
Event: 0.067 loading class java/lang/Long
Event: 0.067 loading class java/lang/Long done
Event: 0.068 loading class java/lang/NullPointerException
Event: 0.068 loading class java/lang/NullPointerException done
Event: 0.068 loading class java/lang/ArithmeticException
Event: 0.068 loading class java/lang/ArithmeticException done


Dynamic libraries:
0x00007ff6e90c0000 - 0x00007ff6e90f1000 	D:\softwrae\Android_studio\androidstudio\jre\bin\java.exe
0x00007ffe76260000 - 0x00007ffe76450000 	C:\Windows\SYSTEM32\ntdll.dll
0x00007ffe75170000 - 0x00007ffe75222000 	C:\Windows\System32\KERNEL32.DLL
0x00007ffe73610000 - 0x00007ffe738b5000 	C:\Windows\System32\KERNELBASE.dll
0x00007ffe75dc0000 - 0x00007ffe75e63000 	C:\Windows\System32\ADVAPI32.dll
0x00007ffe75ef0000 - 0x00007ffe75f8e000 	C:\Windows\System32\msvcrt.dll
0x00007ffe75f90000 - 0x00007ffe76027000 	C:\Windows\System32\sechost.dll
0x00007ffe74cb0000 - 0x00007ffe74dcf000 	C:\Windows\System32\RPCRT4.dll
0x00007ffe754f0000 - 0x00007ffe75684000 	C:\Windows\System32\USER32.dll
0x00007ffe73280000 - 0x00007ffe732a1000 	C:\Windows\System32\win32u.dll
0x00007ffe75440000 - 0x00007ffe75466000 	C:\Windows\System32\GDI32.dll
0x00007ffe732b0000 - 0x00007ffe73448000 	C:\Windows\System32\gdi32full.dll
0x00007ffe73570000 - 0x00007ffe7360e000 	C:\Windows\System32\msvcp_win.dll
0x00007ffe738c0000 - 0x00007ffe739ba000 	C:\Windows\System32\ucrtbase.dll
0x00007ffe5fb80000 - 0x00007ffe5fe04000 	C:\Windows\WinSxS\amd64_microsoft.windows.common-controls_6595b64144ccf1df_6.0.18362.1440_none_9e7dbfb9e45e8e67\COMCTL32.dll
0x00007ffe74dd0000 - 0x00007ffe75106000 	C:\Windows\System32\combase.dll
0x00007ffe73480000 - 0x00007ffe73501000 	C:\Windows\System32\bcryptPrimitives.dll
0x00007ffe74ad0000 - 0x00007ffe74afe000 	C:\Windows\System32\IMM32.DLL
0x00000000572c0000 - 0x0000000057392000 	D:\softwrae\Android_studio\androidstudio\jre\jre\bin\msvcr100.dll
0x0000000057cf0000 - 0x000000005853b000 	D:\softwrae\Android_studio\androidstudio\jre\jre\bin\server\jvm.dll
0x00007ffe74a00000 - 0x00007ffe74a08000 	C:\Windows\System32\PSAPI.DLL
0x00007ffe5b400000 - 0x00007ffe5b409000 	C:\Windows\SYSTEM32\WSOCK32.dll
0x00007ffe710e0000 - 0x00007ffe71104000 	C:\Windows\SYSTEM32\WINMM.dll
0x00007ffe75360000 - 0x00007ffe753cf000 	C:\Windows\System32\WS2_32.dll
0x00007ffe65a20000 - 0x00007ffe65a2a000 	C:\Windows\SYSTEM32\VERSION.dll
0x00007ffe70ed0000 - 0x00007ffe70efd000 	C:\Windows\SYSTEM32\WINMMBASE.dll
0x00007ffe739e0000 - 0x00007ffe73a2a000 	C:\Windows\System32\cfgmgr32.dll
0x00007ffe6bee0000 - 0x00007ffe6beef000 	D:\softwrae\Android_studio\androidstudio\jre\jre\bin\verify.dll
0x00007ffe5b6e0000 - 0x00007ffe5b709000 	D:\softwrae\Android_studio\androidstudio\jre\jre\bin\java.dll
0x00007ffe5b6c0000 - 0x00007ffe5b6d6000 	D:\softwrae\Android_studio\androidstudio\jre\jre\bin\zip.dll

VM Arguments:
jvm_args: -Djava.awt.headless=true -Xmx64M -Dfile.encoding=UTF-8 -Duser.country=CN -Duser.language=zh -Duser.variant 
java_command: com.google.devtools.build.android.desugar.Desugar --input C:\data\software\Android_studio\Reposities\kaoyanAPP\app\build\intermediates\transforms\stackFramesFixer\debug\16.jar --output C:\data\software\Android_studio\Reposities\kaoyanAPP\app\build\intermediates\transforms\desugar\debug\17.jar --input C:\data\software\Android_studio\Reposities\kaoyanAPP\app\build\intermediates\transforms\stackFramesFixer\debug\2.jar --output C:\data\software\Android_studio\Reposities\kaoyanAPP\app\build\intermediates\transforms\desugar\debug\3.jar --input C:\data\software\Android_studio\Reposities\kaoyanAPP\app\build\intermediates\transforms\stackFramesFixer\debug\9.jar --output C:\data\software\Android_studio\Reposities\kaoyanAPP\app\build\intermediates\transforms\desugar\debug\10.jar --input C:\data\software\Android_studio\Reposities\kaoyanAPP\app\build\intermediates\transforms\stackFramesFixer\debug\25.jar --output C:\data\software\Android_studio\Reposities\kaoyanAPP\app\build\intermediates\transforms\desugar\debug\26.jar --classpath_entry C:\data\software\Android_studio\Reposities\kaoyanAPP\app\build\intermediates\classes\debug --classpath_entry C:\data\software\Android_studio\Reposities\kaoyanAPP\app\build\intermediates\transforms\stackFramesFixer\debug\0.jar --classpath_entry C:\data\software\Android_studio\Reposities\kaoyanAPP\app\build\intermediates\transforms\stackFramesFixer\debug\1.jar --classpath_entry C:\data\software\Android_studio\Reposities\kaoyanAPP\app\build\intermediates\transforms\stackFramesFixer\debug\2.jar --classpath_entry C:\data\software\Android_studio\Reposities\kaoyanAPP\app\build\intermediates\transforms\stackFramesFixer\debug\3.jar --classpath_entry C:\data\software\Android_studio\Reposities\kaoyanAPP\app\build\intermediates\transforms\stackFramesFixer\debug\4.jar --classpath_entry C:\data\software\Android_studio\Reposities\kaoyanAPP\app\build\intermediates\transforms\stackFramesFixer\debug\5.jar --classpath_entry C:\data\software\Android
java_class_path (initial): C:\Users\15751\AppData\Local\Temp\desugar_deploy.jar781831419090981352
Launcher Type: SUN_STANDARD

Environment Variables:
JAVA_HOME=C:\Program Files\Java\jdk1.8.0_271
CLASSPATH=.;C:\Program Files\Java\jdk1.8.0_271\bin;C:\Program Files\Java\jdk1.8.0_271\lib\dt.jar;C:\Program Files\Java\jdk1.8.0_271\lib\tools.jar
PATH=C:\data\software\vmware\vmware\bin\;C:\Program Files\Java\jdk1.8.0_271\bin;C:\Program Files\Java\jdk1.8.0_271\jre\bin;C:\data\software\git\git\cmd;C:\data\software\tools\maven\apache-maven-3.6.3\bin;C:\Program Files\Microsoft SQL Server\130\Tools\Binn\;C:\Program Files\Java\jdk1.8.0_271;C:\data\software\tools\gradle\gradle\gradle-6.7\bin\;C:\Program Files\NVIDIA Corporation\NVIDIA NvDLISR;C:\Windows\System32;C:\Program Files\dotnet\;C:\Program Files\Microsoft SQL Server\Client SDK\ODBC\170\Tools\Binn\;D:\softwrae\Tools\Xshell_7.0.0054\评估版\data\;C:\Users\15751\AppData\Local\Programs\Python\Python37\Scripts\;C:\Users\15751\AppData\Local\Programs\Python\Python37\;C:\Users\15751\AppData\Local\Microsoft\WindowsApps;;C:\data\software\idea\idea\IntelliJ IDEA 2020.2.3\bin;;C:\data\software\pycharm\pycharm\bin;;D:\softwrae\jetBrains\dataGrip\dataGrip\bin;;C:\Users\15751\.dotnet\tools
USERNAME=15751
OS=Windows_NT
PROCESSOR_IDENTIFIER=Intel64 Family 6 Model 158 Stepping 10, GenuineIntel



---------------  S Y S T E M  ---------------

OS: Windows 10.0 , 64 bit Build 18362 (10.0.18362.1350)

CPU:total 12 (initial active 12) (6 cores per cpu, 2 threads per core) family 6 model 158 stepping 10, cmov, cx8, fxsr, mmx, sse, sse2, sse3, ssse3, sse4.1, sse4.2, popcnt, avx, avx2, aes, clmul, erms, 3dnowpref, lzcnt, ht, tsc, tscinvbit, bmi1, bmi2, adx

Memory: 4k page, physical 16642228k(4404148k free), swap 25030836k(494104k free)

vm_info: OpenJDK 64-Bit Server VM (25.242-b01) for windows-amd64 JRE (1.8.0_242-release-1644-b01), built by "builder" with MS VC++ 10.0 (VS2010)

time: Tue Apr 06 10:13:26 2021
timezone: 中国标准时间
elapsed time: 0 seconds (0d 0h 0m 0s)

