#
# There is insufficient memory for the Java Runtime Environment to continue.
# Native memory allocation (malloc) failed to allocate 32744 bytes for ChunkPool::allocate
# Possible reasons:
#   The system is out of physical RAM or swap space
#   The process is running with CompressedOops enabled, and the Java Heap may be blocking the growth of the native heap
# Possible solutions:
#   Reduce memory load on the system
#   Increase physical memory or swap space
#   Check if swap backing store is full
#   Decrease Java heap size (-Xmx/-Xms)
#   Decrease number of Java threads
#   Decrease Java thread stack sizes (-Xss)
#   Set larger code cache with -XX:ReservedCodeCacheSize=
#   JVM is running with Unscaled Compressed Oops mode in which the Java heap is
#     placed in the first 4GB address space. The Java Heap base address is the
#     maximum limit for the native heap growth. Please use -XX:HeapBaseMinAddress
#     to set the Java Heap base and to place the Java Heap above 4GB virtual address.
# This output file may be truncated or incomplete.
#
#  Out of Memory Error (allocation.cpp:272), pid=12440, tid=0x0000000000002f84
#
# JRE version: OpenJDK Runtime Environment (8.0_242-b01) (build 1.8.0_242-release-1644-b01)
# Java VM: OpenJDK 64-Bit Server VM (25.242-b01 mixed mode windows-amd64 compressed oops)
# Failed to write core dump. Minidumps are not enabled by default on client versions of Windows
#

---------------  T H R E A D  ---------------

Current thread (0x00000000028d5800):  JavaThread "main" [_thread_in_vm, id=12164, stack(0x00000000027d0000,0x00000000028d0000)]

Stack: [0x00000000027d0000,0x00000000028d0000]
[error occurred during error reporting (printing stack bounds), id 0xc0000005]

Native frames: (J=compiled Java code, j=interpreted, Vv=VM code, C=native code)

Java frames: (J=compiled Java code, j=interpreted, Vv=VM code)
j  sun.util.locale.LocaleObjectCache.<init>(IFI)V+16
j  sun.util.locale.LocaleObjectCache.<init>()V+7
j  java.util.Locale$Cache.<init>()V+1
j  java.util.Locale$Cache.<init>(Ljava/util/Locale$1;)V+1
j  java.util.Locale.<clinit>()V+21
v  ~StubRoutines::call_stub
j  java.io.WinNTFileSystem.hashCode(Ljava/io/File;)I+4
j  java.io.File.hashCode()I+4
j  java.util.HashMap.hash(Ljava/lang/Object;)I+9
j  java.util.HashMap.put(Ljava/lang/Object;Ljava/lang/Object;)Ljava/lang/Object;+2
j  sun.misc.MetaIndex.registerDirectory(Ljava/io/File;)V+178
j  sun.misc.Launcher$ExtClassLoader$1.run()Lsun/misc/Launcher$ExtClassLoader;+17
j  sun.misc.Launcher$ExtClassLoader$1.run()Ljava/lang/Object;+1
v  ~StubRoutines::call_stub
j  java.security.AccessController.doPrivileged(Ljava/security/PrivilegedExceptionAction;)Ljava/lang/Object;+0
j  sun.misc.Launcher$ExtClassLoader.createExtClassLoader()Lsun/misc/Launcher$ExtClassLoader;+7
j  sun.misc.Launcher$ExtClassLoader.getExtClassLoader()Lsun/misc/Launcher$ExtClassLoader;+17
j  sun.misc.Launcher.<init>()V+4
j  sun.misc.Launcher.<clinit>()V+15
v  ~StubRoutines::call_stub
j  java.lang.ClassLoader.initSystemClassLoader()V+22
j  java.lang.ClassLoader.getSystemClassLoader()Ljava/lang/ClassLoader;+0
v  ~StubRoutines::call_stub

---------------  P R O C E S S  ---------------

Java Threads: ( => current thread )
  0x0000000013382800 JavaThread "Finalizer" daemon [_thread_blocked, id=7148, stack(0x0000000015cb0000,0x0000000015db0000)]
  0x000000001337c800 JavaThread "Reference Handler" daemon [_thread_blocked, id=10816, stack(0x0000000015bb0000,0x0000000015cb0000)]
=>0x00000000028d5800 JavaThread "main" [_thread_in_vm, id=12164, stack(0x00000000027d0000,0x00000000028d0000)]

Other Threads:
  0x0000000014a22800 VMThread [stack: 0x0000000015ab0000,0x0000000015bb0000] [id=4360]

VM state:not at safepoint (normal execution)

VM Mutex/Monitor currently owned by a thread:  ([mutex/lock_event])
[0x00000000028d23d0] SymbolTable_lock - owner thread: 0x00000000028d5800

heap address: 0x00000000fc000000, size: 64 MB, Compressed Oops mode: 32-bit
Narrow klass base: 0x0000000000000000, Narrow klass shift: 3
Compressed class space size: 1073741824 Address: 0x0000000100000000

Heap:
 PSYoungGen      total 18944K, used 655K [0x00000000feb00000, 0x0000000100000000, 0x0000000100000000)
  eden space 16384K, 4% used [0x00000000feb00000,0x00000000feba3f10,0x00000000ffb00000)
  from space 2560K, 0% used [0x00000000ffd80000,0x00000000ffd80000,0x0000000100000000)
  to   space 2560K, 0% used [0x00000000ffb00000,0x00000000ffb00000,0x00000000ffd80000)
 ParOldGen       total 44032K, used 0K [0x00000000fc000000, 0x00000000feb00000, 0x00000000feb00000)
  object space 44032K, 0% used [0x00000000fc000000,0x00000000fc000000,0x00000000feb00000)
 Metaspace       used 1996K, capacity 4480K, committed 4480K, reserved 1056768K
  class space    used 210K, capacity 384K, committed 384K, reserved 1048576K

Card table byte_map: [0x00000000007e0000,0x0000000000810000] byte_map_base: 0x0000000000000000

Marking Bits: (ParMarkBitMap*) 0x00000000584bf030
 Begin Bits: [0x0000000012790000, 0x0000000012890000)
 End Bits:   [0x0000000012890000, 0x0000000012990000)

Polling page: 0x0000000000470000

CodeCache: size=245760Kb used=429Kb max_used=429Kb free=245330Kb
 bounds [0x00000000029d0000, 0x0000000002c40000, 0x00000000119d0000]
 total_blobs=151 nmethods=0 adapters=118
 compilation: enabled

Compilation events (0 events):
No events

GC Heap History (0 events):
No events

Deoptimization events (0 events):
No events

Classes redefined (0 events):
No events

Internal exceptions (2 events):
Event: 0.077 Thread 0x00000000028d5800 Exception <a 'java/lang/NoSuchMethodError': Method sun.misc.Unsafe.defineClass(Ljava/lang/String;[BII)Ljava/lang/Class; name or signature does not match> (0x00000000feb07cc8) thrown at [C:\src\AOSP-openjdk-git\hotspot\src\share\vm\prims\jni.cpp, line 4013
Event: 0.077 Thread 0x00000000028d5800 Exception <a 'java/lang/NoSuchMethodError': Method sun.misc.Unsafe.prefetchRead(Ljava/lang/Object;J)V name or signature does not match> (0x00000000feb07fb0) thrown at [C:\src\AOSP-openjdk-git\hotspot\src\share\vm\prims\jni.cpp, line 4013]

Events (10 events):
Event: 0.133 loading class sun/nio/cs/UTF_8$Decoder done
Event: 0.134 loading class java/lang/reflect/Array
Event: 0.134 loading class java/lang/reflect/Array done
Event: 0.134 loading class java/util/Locale
Event: 0.135 loading class java/util/Locale done
Event: 0.135 loading class java/util/Locale$Cache
Event: 0.135 loading class sun/util/locale/LocaleObjectCache
Event: 0.135 loading class sun/util/locale/LocaleObjectCache done
Event: 0.135 loading class java/util/Locale$Cache done
Event: 0.135 loading class java/util/concurrent/ConcurrentHashMap


Dynamic libraries:
0x00007ff6e90c0000 - 0x00007ff6e90f1000 	D:\softwrae\Android_studio\androidstudio\jre\bin\java.exe
0x00007ffe76260000 - 0x00007ffe76450000 	C:\Windows\SYSTEM32\ntdll.dll
0x00007ffe75170000 - 0x00007ffe75222000 	C:\Windows\System32\KERNEL32.DLL
0x00007ffe73610000 - 0x00007ffe738b5000 	C:\Windows\System32\KERNELBASE.dll
0x00007ffe75dc0000 - 0x00007ffe75e63000 	C:\Windows\System32\ADVAPI32.dll
0x00007ffe75ef0000 - 0x00007ffe75f8e000 	C:\Windows\System32\msvcrt.dll
0x00007ffe75f90000 - 0x00007ffe76027000 	C:\Windows\System32\sechost.dll
0x00007ffe74cb0000 - 0x00007ffe74dcf000 	C:\Windows\System32\RPCRT4.dll
0x00007ffe754f0000 - 0x00007ffe75684000 	C:\Windows\System32\USER32.dll
0x00007ffe73280000 - 0x00007ffe732a1000 	C:\Windows\System32\win32u.dll
0x00007ffe75440000 - 0x00007ffe75466000 	C:\Windows\System32\GDI32.dll
0x00007ffe732b0000 - 0x00007ffe73448000 	C:\Windows\System32\gdi32full.dll
0x00007ffe73570000 - 0x00007ffe7360e000 	C:\Windows\System32\msvcp_win.dll
0x00007ffe738c0000 - 0x00007ffe739ba000 	C:\Windows\System32\ucrtbase.dll
0x00007ffe5fb80000 - 0x00007ffe5fe04000 	C:\Windows\WinSxS\amd64_microsoft.windows.common-controls_6595b64144ccf1df_6.0.18362.1440_none_9e7dbfb9e45e8e67\COMCTL32.dll
0x00007ffe74dd0000 - 0x00007ffe75106000 	C:\Windows\System32\combase.dll
0x00007ffe73480000 - 0x00007ffe73501000 	C:\Windows\System32\bcryptPrimitives.dll
0x00007ffe74ad0000 - 0x00007ffe74afe000 	C:\Windows\System32\IMM32.DLL
0x00000000572c0000 - 0x0000000057392000 	D:\softwrae\Android_studio\androidstudio\jre\jre\bin\msvcr100.dll
0x0000000057cf0000 - 0x000000005853b000 	D:\softwrae\Android_studio\androidstudio\jre\jre\bin\server\jvm.dll
0x00007ffe74a00000 - 0x00007ffe74a08000 	C:\Windows\System32\PSAPI.DLL
0x00007ffe5b400000 - 0x00007ffe5b409000 	C:\Windows\SYSTEM32\WSOCK32.dll
0x00007ffe710e0000 - 0x00007ffe71104000 	C:\Windows\SYSTEM32\WINMM.dll
0x00007ffe75360000 - 0x00007ffe753cf000 	C:\Windows\System32\WS2_32.dll
0x00007ffe65a20000 - 0x00007ffe65a2a000 	C:\Windows\SYSTEM32\VERSION.dll
0x00007ffe70ed0000 - 0x00007ffe70efd000 	C:\Windows\SYSTEM32\WINMMBASE.dll
0x00007ffe739e0000 - 0x00007ffe73a2a000 	C:\Windows\System32\cfgmgr32.dll
0x00007ffe6bee0000 - 0x00007ffe6beef000 	D:\softwrae\Android_studio\androidstudio\jre\jre\bin\verify.dll
0x00007ffe5b6e0000 - 0x00007ffe5b709000 	D:\softwrae\Android_studio\androidstudio\jre\jre\bin\java.dll
0x00007ffe5b6c0000 - 0x00007ffe5b6d6000 	D:\softwrae\Android_studio\androidstudio\jre\jre\bin\zip.dll
0x00007ffe74310000 - 0x00007ffe749f8000 	C:\Windows\System32\SHELL32.dll
0x00007ffe74a20000 - 0x00007ffe74ac7000 	C:\Windows\System32\shcore.dll
0x00007ffe73b90000 - 0x00007ffe7430b000 	C:\Windows\System32\windows.storage.dll
0x00007ffe73160000 - 0x00007ffe7317e000 	C:\Windows\System32\profapi.dll
0x00007ffe73180000 - 0x00007ffe731ca000 	C:\Windows\System32\powrprof.dll
0x00007ffe73110000 - 0x00007ffe73120000 	C:\Windows\System32\UMPDC.dll
0x00007ffe75110000 - 0x00007ffe75162000 	C:\Windows\System32\shlwapi.dll
0x00007ffe73140000 - 0x00007ffe73151000 	C:\Windows\System32\kernel.appcore.dll
0x00007ffe739c0000 - 0x00007ffe739d7000 	C:\Windows\System32\cryptsp.dll

VM Arguments:
jvm_args: -Djava.awt.headless=true -Xmx64M -Dfile.encoding=UTF-8 -Duser.country=CN -Duser.language=zh -Duser.variant 
java_command: com.google.devtools.build.android.desugar.Desugar --input C:\data\software\Android_studio\Reposities\kaoyanAPP\app\build\intermediates\transforms\stackFramesFixer\debug\11.jar --output C:\data\software\Android_studio\Reposities\kaoyanAPP\app\build\intermediates\transforms\desugar\debug\12.jar --input C:\data\software\Android_studio\Reposities\kaoyanAPP\app\build\intermediates\transforms\stackFramesFixer\debug\15.jar --output C:\data\software\Android_studio\Reposities\kaoyanAPP\app\build\intermediates\transforms\desugar\debug\16.jar --input C:\data\software\Android_studio\Reposities\kaoyanAPP\app\build\intermediates\transforms\stackFramesFixer\debug\13.jar --output C:\data\software\Android_studio\Reposities\kaoyanAPP\app\build\intermediates\transforms\desugar\debug\14.jar --input C:\data\software\Android_studio\Reposities\kaoyanAPP\app\build\intermediates\transforms\stackFramesFixer\debug\26.jar --output C:\data\software\Android_studio\Reposities\kaoyanAPP\app\build\intermediates\transforms\desugar\debug\27.jar --classpath_entry C:\data\software\Android_studio\Reposities\kaoyanAPP\app\build\intermediates\classes\debug --classpath_entry C:\data\software\Android_studio\Reposities\kaoyanAPP\app\build\intermediates\transforms\stackFramesFixer\debug\0.jar --classpath_entry C:\data\software\Android_studio\Reposities\kaoyanAPP\app\build\intermediates\transforms\stackFramesFixer\debug\1.jar --classpath_entry C:\data\software\Android_studio\Reposities\kaoyanAPP\app\build\intermediates\transforms\stackFramesFixer\debug\2.jar --classpath_entry C:\data\software\Android_studio\Reposities\kaoyanAPP\app\build\intermediates\transforms\stackFramesFixer\debug\3.jar --classpath_entry C:\data\software\Android_studio\Reposities\kaoyanAPP\app\build\intermediates\transforms\stackFramesFixer\debug\4.jar --classpath_entry C:\data\software\Android_studio\Reposities\kaoyanAPP\app\build\intermediates\transforms\stackFramesFixer\debug\5.jar --classpath_entry C:\data\software\Andr
java_class_path (initial): C:\Users\15751\AppData\Local\Temp\desugar_deploy.jar781831419090981352
Launcher Type: SUN_STANDARD

Environment Variables:
JAVA_HOME=C:\Program Files\Java\jdk1.8.0_271
CLASSPATH=.;C:\Program Files\Java\jdk1.8.0_271\bin;C:\Program Files\Java\jdk1.8.0_271\lib\dt.jar;C:\Program Files\Java\jdk1.8.0_271\lib\tools.jar
PATH=C:\data\software\vmware\vmware\bin\;C:\Program Files\Java\jdk1.8.0_271\bin;C:\Program Files\Java\jdk1.8.0_271\jre\bin;C:\data\software\git\git\cmd;C:\data\software\tools\maven\apache-maven-3.6.3\bin;C:\Program Files\Microsoft SQL Server\130\Tools\Binn\;C:\Program Files\Java\jdk1.8.0_271;C:\data\software\tools\gradle\gradle\gradle-6.7\bin\;C:\Program Files\NVIDIA Corporation\NVIDIA NvDLISR;C:\Windows\System32;C:\Program Files\dotnet\;C:\Program Files\Microsoft SQL Server\Client SDK\ODBC\170\Tools\Binn\;D:\softwrae\Tools\Xshell_7.0.0054\评估版\data\;C:\Users\15751\AppData\Local\Programs\Python\Python37\Scripts\;C:\Users\15751\AppData\Local\Programs\Python\Python37\;C:\Users\15751\AppData\Local\Microsoft\WindowsApps;;C:\data\software\idea\idea\IntelliJ IDEA 2020.2.3\bin;;C:\data\software\pycharm\pycharm\bin;;D:\softwrae\jetBrains\dataGrip\dataGrip\bin;;C:\Users\15751\.dotnet\tools
USERNAME=15751
OS=Windows_NT
PROCESSOR_IDENTIFIER=Intel64 Family 6 Model 158 Stepping 10, GenuineIntel



---------------  S Y S T E M  ---------------

OS: Windows 10.0 , 64 bit Build 18362 (10.0.18362.1350)

CPU:total 12 (initial active 12) (6 cores per cpu, 2 threads per core) family 6 model 158 stepping 10, cmov, cx8, fxsr, mmx, sse, sse2, sse3, ssse3, sse4.1, sse4.2, popcnt, avx, avx2, aes, clmul, erms, 3dnowpref, lzcnt, ht, tsc, tscinvbit, bmi1, bmi2, adx

Memory: 4k page, physical 16642228k(4408580k free), swap 25030836k(538144k free)

vm_info: OpenJDK 64-Bit Server VM (25.242-b01) for windows-amd64 JRE (1.8.0_242-release-1644-b01), built by "builder" with MS VC++ 10.0 (VS2010)

time: Tue Apr 06 10:13:26 2021
timezone: 中国标准时间
elapsed time: 0 seconds (0d 0h 0m 0s)

