#
# There is insufficient memory for the Java Runtime Environment to continue.
# Native memory allocation (malloc) failed to allocate 32744 bytes for ChunkPool::allocate
# Possible reasons:
#   The system is out of physical RAM or swap space
#   The process is running with CompressedOops enabled, and the Java Heap may be blocking the growth of the native heap
# Possible solutions:
#   Reduce memory load on the system
#   Increase physical memory or swap space
#   Check if swap backing store is full
#   Decrease Java heap size (-Xmx/-Xms)
#   Decrease number of Java threads
#   Decrease Java thread stack sizes (-Xss)
#   Set larger code cache with -XX:ReservedCodeCacheSize=
#   JVM is running with Unscaled Compressed Oops mode in which the Java heap is
#     placed in the first 4GB address space. The Java Heap base address is the
#     maximum limit for the native heap growth. Please use -XX:HeapBaseMinAddress
#     to set the Java Heap base and to place the Java Heap above 4GB virtual address.
# This output file may be truncated or incomplete.
#
#  Out of Memory Error (allocation.cpp:272), pid=12068, tid=0x0000000000003114
#
# JRE version: OpenJDK Runtime Environment (8.0_242-b01) (build 1.8.0_242-release-1644-b01)
# Java VM: OpenJDK 64-Bit Server VM (25.242-b01 mixed mode windows-amd64 compressed oops)
# Failed to write core dump. Minidumps are not enabled by default on client versions of Windows
#

---------------  T H R E A D  ---------------

Current thread (0x0000000014d23800):  JavaThread "C2 CompilerThread0" daemon [_thread_in_native, id=12564, stack(0x00000000162d0000,0x00000000163d0000)]

Stack: [0x00000000162d0000,0x00000000163d0000]
[error occurred during error reporting (printing stack bounds), id 0xc0000005]

Native frames: (J=compiled Java code, j=interpreted, Vv=VM code, C=native code)


Current CompileTask:
C2:    211    3       4       java.lang.String::charAt (29 bytes)


---------------  P R O C E S S  ---------------

Java Threads: ( => current thread )
  0x0000000014dd4000 JavaThread "Service Thread" daemon [_thread_blocked, id=18392, stack(0x00000000166d0000,0x00000000167d0000)]
  0x0000000014dd2800 JavaThread "C1 CompilerThread3" daemon [_thread_blocked, id=12492, stack(0x00000000165d0000,0x00000000166d0000)]
  0x0000000014dc9800 JavaThread "C2 CompilerThread2" daemon [_thread_blocked, id=11916, stack(0x00000000164d0000,0x00000000165d0000)]
  0x000000001363a000 JavaThread "C2 CompilerThread1" daemon [_thread_blocked, id=17776, stack(0x00000000163d0000,0x00000000164d0000)]
=>0x0000000014d23800 JavaThread "C2 CompilerThread0" daemon [_thread_in_native, id=12564, stack(0x00000000162d0000,0x00000000163d0000)]
  0x0000000014d82000 JavaThread "Attach Listener" daemon [_thread_blocked, id=4812, stack(0x00000000161d0000,0x00000000162d0000)]
  0x0000000014d81000 JavaThread "Signal Dispatcher" daemon [_thread_blocked, id=19048, stack(0x00000000160d0000,0x00000000161d0000)]
  0x0000000013632000 JavaThread "Finalizer" daemon [_thread_blocked, id=19072, stack(0x0000000015f60000,0x0000000016060000)]
  0x0000000014d03000 JavaThread "Reference Handler" daemon [_thread_blocked, id=3352, stack(0x0000000015e60000,0x0000000015f60000)]
  0x0000000002af5000 JavaThread "main" [_thread_in_native, id=15396, stack(0x00000000029e0000,0x0000000002ae0000)]

Other Threads:
  0x0000000014ce2800 VMThread [stack: 0x0000000015d60000,0x0000000015e60000] [id=768]
  0x0000000014dd5800 WatcherThread [stack: 0x00000000167d0000,0x00000000168d0000] [id=11396]

VM state:not at safepoint (normal execution)

VM Mutex/Monitor currently owned by a thread: None

heap address: 0x00000000fc000000, size: 64 MB, Compressed Oops mode: 32-bit
Narrow klass base: 0x0000000000000000, Narrow klass shift: 3
Compressed class space size: 1073741824 Address: 0x0000000100000000

Heap:
 PSYoungGen      total 18944K, used 1967K [0x00000000feb00000, 0x0000000100000000, 0x0000000100000000)
  eden space 16384K, 12% used [0x00000000feb00000,0x00000000fecebfd0,0x00000000ffb00000)
  from space 2560K, 0% used [0x00000000ffd80000,0x00000000ffd80000,0x0000000100000000)
  to   space 2560K, 0% used [0x00000000ffb00000,0x00000000ffb00000,0x00000000ffd80000)
 ParOldGen       total 44032K, used 0K [0x00000000fc000000, 0x00000000feb00000, 0x00000000feb00000)
  object space 44032K, 0% used [0x00000000fc000000,0x00000000fc000000,0x00000000feb00000)
 Metaspace       used 3482K, capacity 4652K, committed 4864K, reserved 1060864K
  class space    used 363K, capacity 424K, committed 512K, reserved 1048576K

Card table byte_map: [0x0000000011fc0000,0x0000000011ff0000] byte_map_base: 0x00000000117e0000

Marking Bits: (ParMarkBitMap*) 0x00000000584bf030
 Begin Bits: [0x0000000012a10000, 0x0000000012b10000)
 End Bits:   [0x0000000012b10000, 0x0000000012c10000)

Polling page: 0x0000000000ce0000

CodeCache: size=245760Kb used=1195Kb max_used=1207Kb free=244564Kb
 bounds [0x0000000002c00000, 0x0000000002e70000, 0x0000000011c00000]
 total_blobs=330 nmethods=72 adapters=172
 compilation: enabled

Compilation events (10 events):
Event: 0.174 Thread 0x0000000014dc9800   59       4       java.lang.String::hashCode (55 bytes)
Event: 0.175 Thread 0x0000000014dd2800 nmethod 54 0x0000000002d21650 code [0x0000000002d21980, 0x0000000002d231f8]
Event: 0.175 Thread 0x0000000014dd2800   55       3       java.util.HashMap::getNode (148 bytes)
Event: 0.175 Thread 0x0000000014dd2800 nmethod 55 0x0000000002d242d0 code [0x0000000002d244a0, 0x0000000002d24e48]
Event: 0.175 Thread 0x0000000014dd2800   56       1       sun.util.locale.BaseLocale::getLanguage (5 bytes)
Event: 0.176 Thread 0x0000000014dd2800 nmethod 56 0x0000000002d25110 code [0x0000000002d25260, 0x0000000002d25370]
Event: 0.176 Thread 0x0000000014dd2800   57       1       java.util.LinkedHashMap::removeEldestEntry (2 bytes)
Event: 0.176 Thread 0x0000000014dd2800 nmethod 57 0x0000000002d253d0 code [0x0000000002d25520, 0x0000000002d25630]
Event: 0.176 Thread 0x0000000014dd2800   61       1       java.util.HashMap$Node::getValue (5 bytes)
Event: 0.176 Thread 0x0000000014dd2800 nmethod 61 0x0000000002d25690 code [0x0000000002d257e0, 0x0000000002d258f0]

GC Heap History (0 events):
No events

Deoptimization events (0 events):
No events

Classes redefined (0 events):
No events

Internal exceptions (2 events):
Event: 0.041 Thread 0x0000000002af5000 Exception <a 'java/lang/NoSuchMethodError': Method sun.misc.Unsafe.defineClass(Ljava/lang/String;[BII)Ljava/lang/Class; name or signature does not match> (0x00000000feb07cc8) thrown at [C:\src\AOSP-openjdk-git\hotspot\src\share\vm\prims\jni.cpp, line 4013
Event: 0.041 Thread 0x0000000002af5000 Exception <a 'java/lang/NoSuchMethodError': Method sun.misc.Unsafe.prefetchRead(Ljava/lang/Object;J)V name or signature does not match> (0x00000000feb07fb0) thrown at [C:\src\AOSP-openjdk-git\hotspot\src\share\vm\prims\jni.cpp, line 4013]

Events (10 events):
Event: 0.176 loading class java/security/SecureRandomSpi done
Event: 0.176 loading class sun/security/jca/GetInstance
Event: 0.176 loading class sun/security/jca/GetInstance done
Event: 0.176 loading class sun/security/provider/SecureRandom
Event: 0.176 loading class sun/security/provider/SecureRandom done
Event: 0.176 loading class java/security/MessageDigest
Event: 0.176 loading class java/security/MessageDigestSpi
Event: 0.176 loading class java/security/MessageDigestSpi done
Event: 0.176 loading class java/security/MessageDigest done
Event: 0.176 loading class sun/security/provider/SHA


Dynamic libraries:
0x00007ff6e90c0000 - 0x00007ff6e90f1000 	D:\softwrae\Android_studio\androidstudio\jre\bin\java.exe
0x00007ffe76260000 - 0x00007ffe76450000 	C:\Windows\SYSTEM32\ntdll.dll
0x00007ffe75170000 - 0x00007ffe75222000 	C:\Windows\System32\KERNEL32.DLL
0x00007ffe73610000 - 0x00007ffe738b5000 	C:\Windows\System32\KERNELBASE.dll
0x00007ffe75dc0000 - 0x00007ffe75e63000 	C:\Windows\System32\ADVAPI32.dll
0x00007ffe75ef0000 - 0x00007ffe75f8e000 	C:\Windows\System32\msvcrt.dll
0x00007ffe75f90000 - 0x00007ffe76027000 	C:\Windows\System32\sechost.dll
0x00007ffe74cb0000 - 0x00007ffe74dcf000 	C:\Windows\System32\RPCRT4.dll
0x00007ffe754f0000 - 0x00007ffe75684000 	C:\Windows\System32\USER32.dll
0x00007ffe73280000 - 0x00007ffe732a1000 	C:\Windows\System32\win32u.dll
0x00007ffe75440000 - 0x00007ffe75466000 	C:\Windows\System32\GDI32.dll
0x00007ffe732b0000 - 0x00007ffe73448000 	C:\Windows\System32\gdi32full.dll
0x00007ffe73570000 - 0x00007ffe7360e000 	C:\Windows\System32\msvcp_win.dll
0x00007ffe738c0000 - 0x00007ffe739ba000 	C:\Windows\System32\ucrtbase.dll
0x00007ffe5fb80000 - 0x00007ffe5fe04000 	C:\Windows\WinSxS\amd64_microsoft.windows.common-controls_6595b64144ccf1df_6.0.18362.1440_none_9e7dbfb9e45e8e67\COMCTL32.dll
0x00007ffe74dd0000 - 0x00007ffe75106000 	C:\Windows\System32\combase.dll
0x00007ffe73480000 - 0x00007ffe73501000 	C:\Windows\System32\bcryptPrimitives.dll
0x00007ffe74ad0000 - 0x00007ffe74afe000 	C:\Windows\System32\IMM32.DLL
0x00000000572c0000 - 0x0000000057392000 	D:\softwrae\Android_studio\androidstudio\jre\jre\bin\msvcr100.dll
0x0000000057cf0000 - 0x000000005853b000 	D:\softwrae\Android_studio\androidstudio\jre\jre\bin\server\jvm.dll
0x00007ffe74a00000 - 0x00007ffe74a08000 	C:\Windows\System32\PSAPI.DLL
0x00007ffe5b400000 - 0x00007ffe5b409000 	C:\Windows\SYSTEM32\WSOCK32.dll
0x00007ffe75360000 - 0x00007ffe753cf000 	C:\Windows\System32\WS2_32.dll
0x00007ffe710e0000 - 0x00007ffe71104000 	C:\Windows\SYSTEM32\WINMM.dll
0x00007ffe65a20000 - 0x00007ffe65a2a000 	C:\Windows\SYSTEM32\VERSION.dll
0x00007ffe70ed0000 - 0x00007ffe70efd000 	C:\Windows\SYSTEM32\WINMMBASE.dll
0x00007ffe739e0000 - 0x00007ffe73a2a000 	C:\Windows\System32\cfgmgr32.dll
0x00007ffe6bee0000 - 0x00007ffe6beef000 	D:\softwrae\Android_studio\androidstudio\jre\jre\bin\verify.dll
0x00007ffe5b6e0000 - 0x00007ffe5b709000 	D:\softwrae\Android_studio\androidstudio\jre\jre\bin\java.dll
0x00007ffe5b6c0000 - 0x00007ffe5b6d6000 	D:\softwrae\Android_studio\androidstudio\jre\jre\bin\zip.dll
0x00007ffe74310000 - 0x00007ffe749f8000 	C:\Windows\System32\SHELL32.dll
0x00007ffe74a20000 - 0x00007ffe74ac7000 	C:\Windows\System32\shcore.dll
0x00007ffe73b90000 - 0x00007ffe7430b000 	C:\Windows\System32\windows.storage.dll
0x00007ffe73160000 - 0x00007ffe7317e000 	C:\Windows\System32\profapi.dll
0x00007ffe73180000 - 0x00007ffe731ca000 	C:\Windows\System32\powrprof.dll
0x00007ffe73110000 - 0x00007ffe73120000 	C:\Windows\System32\UMPDC.dll
0x00007ffe75110000 - 0x00007ffe75162000 	C:\Windows\System32\shlwapi.dll
0x00007ffe73140000 - 0x00007ffe73151000 	C:\Windows\System32\kernel.appcore.dll
0x00007ffe739c0000 - 0x00007ffe739d7000 	C:\Windows\System32\cryptsp.dll
0x00007ffe724d0000 - 0x00007ffe72503000 	C:\Windows\system32\rsaenh.dll
0x00007ffe73450000 - 0x00007ffe73476000 	C:\Windows\System32\bcrypt.dll
0x00007ffe72ff0000 - 0x00007ffe73015000 	C:\Windows\SYSTEM32\USERENV.dll
0x00007ffe72b20000 - 0x00007ffe72b2c000 	C:\Windows\SYSTEM32\CRYPTBASE.dll
0x00007ffe55480000 - 0x00007ffe5549a000 	D:\softwrae\Android_studio\androidstudio\jre\jre\bin\net.dll
0x00007ffe72950000 - 0x00007ffe729b7000 	C:\Windows\system32\mswsock.dll
0x00007ffe72660000 - 0x00007ffe7269a000 	C:\Windows\SYSTEM32\IPHLPAPI.DLL
0x00007ffe75690000 - 0x00007ffe75698000 	C:\Windows\System32\NSI.dll
0x00007ffe6b0c0000 - 0x00007ffe6b0d6000 	C:\Windows\SYSTEM32\dhcpcsvc6.DLL
0x00007ffe6aba0000 - 0x00007ffe6abbc000 	C:\Windows\SYSTEM32\dhcpcsvc.DLL
0x00007ffe726b0000 - 0x00007ffe7277b000 	C:\Windows\SYSTEM32\DNSAPI.dll

VM Arguments:
jvm_args: -Djava.awt.headless=true -Xmx64M -Dfile.encoding=UTF-8 -Duser.country=CN -Duser.language=zh -Duser.variant 
java_command: com.google.devtools.build.android.desugar.Desugar --input C:\data\software\Android_studio\Reposities\kaoyanAPP\app\build\intermediates\transforms\stackFramesFixer\debug\27.jar --output C:\data\software\Android_studio\Reposities\kaoyanAPP\app\build\intermediates\transforms\desugar\debug\28.jar --input C:\data\software\Android_studio\Reposities\kaoyanAPP\app\build\intermediates\transforms\stackFramesFixer\debug\14.jar --output C:\data\software\Android_studio\Reposities\kaoyanAPP\app\build\intermediates\transforms\desugar\debug\15.jar --input C:\data\software\Android_studio\Reposities\kaoyanAPP\app\build\intermediates\transforms\stackFramesFixer\debug\21.jar --output C:\data\software\Android_studio\Reposities\kaoyanAPP\app\build\intermediates\transforms\desugar\debug\22.jar --classpath_entry C:\data\software\Android_studio\Reposities\kaoyanAPP\app\build\intermediates\classes\debug --classpath_entry C:\data\software\Android_studio\Reposities\kaoyanAPP\app\build\intermediates\transforms\stackFramesFixer\debug\0.jar --classpath_entry C:\data\software\Android_studio\Reposities\kaoyanAPP\app\build\intermediates\transforms\stackFramesFixer\debug\1.jar --classpath_entry C:\data\software\Android_studio\Reposities\kaoyanAPP\app\build\intermediates\transforms\stackFramesFixer\debug\2.jar --classpath_entry C:\data\software\Android_studio\Reposities\kaoyanAPP\app\build\intermediates\transforms\stackFramesFixer\debug\3.jar --classpath_entry C:\data\software\Android_studio\Reposities\kaoyanAPP\app\build\intermediates\transforms\stackFramesFixer\debug\4.jar --classpath_entry C:\data\software\Android_studio\Reposities\kaoyanAPP\app\build\intermediates\transforms\stackFramesFixer\debug\5.jar --classpath_entry C:\data\software\Android_studio\Reposities\kaoyanAPP\app\build\intermediates\transforms\stackFramesFixer\debug\6.jar --classpath_entry C:\data\software\Android_studio\Reposities\kaoyanAPP\app\build\intermediates\transforms\stackFramesFixer\debug\7.jar --classpath_e
java_class_path (initial): C:\Users\15751\AppData\Local\Temp\desugar_deploy.jar781831419090981352
Launcher Type: SUN_STANDARD

Environment Variables:
JAVA_HOME=C:\Program Files\Java\jdk1.8.0_271
CLASSPATH=.;C:\Program Files\Java\jdk1.8.0_271\bin;C:\Program Files\Java\jdk1.8.0_271\lib\dt.jar;C:\Program Files\Java\jdk1.8.0_271\lib\tools.jar
PATH=C:\data\software\vmware\vmware\bin\;C:\Program Files\Java\jdk1.8.0_271\bin;C:\Program Files\Java\jdk1.8.0_271\jre\bin;C:\data\software\git\git\cmd;C:\data\software\tools\maven\apache-maven-3.6.3\bin;C:\Program Files\Microsoft SQL Server\130\Tools\Binn\;C:\Program Files\Java\jdk1.8.0_271;C:\data\software\tools\gradle\gradle\gradle-6.7\bin\;C:\Program Files\NVIDIA Corporation\NVIDIA NvDLISR;C:\Windows\System32;C:\Program Files\dotnet\;C:\Program Files\Microsoft SQL Server\Client SDK\ODBC\170\Tools\Binn\;D:\softwrae\Tools\Xshell_7.0.0054\评估版\data\;C:\Users\15751\AppData\Local\Programs\Python\Python37\Scripts\;C:\Users\15751\AppData\Local\Programs\Python\Python37\;C:\Users\15751\AppData\Local\Microsoft\WindowsApps;;C:\data\software\idea\idea\IntelliJ IDEA 2020.2.3\bin;;C:\data\software\pycharm\pycharm\bin;;D:\softwrae\jetBrains\dataGrip\dataGrip\bin;;C:\Users\15751\.dotnet\tools
USERNAME=15751
OS=Windows_NT
PROCESSOR_IDENTIFIER=Intel64 Family 6 Model 158 Stepping 10, GenuineIntel



---------------  S Y S T E M  ---------------

OS: Windows 10.0 , 64 bit Build 18362 (10.0.18362.1350)

CPU:total 12 (initial active 12) (6 cores per cpu, 2 threads per core) family 6 model 158 stepping 10, cmov, cx8, fxsr, mmx, sse, sse2, sse3, ssse3, sse4.1, sse4.2, popcnt, avx, avx2, aes, clmul, erms, 3dnowpref, lzcnt, ht, tsc, tscinvbit, bmi1, bmi2, adx

Memory: 4k page, physical 16642228k(4404496k free), swap 25030836k(494104k free)

vm_info: OpenJDK 64-Bit Server VM (25.242-b01) for windows-amd64 JRE (1.8.0_242-release-1644-b01), built by "builder" with MS VC++ 10.0 (VS2010)

time: Tue Apr 06 10:13:26 2021
timezone: 中国标准时间
elapsed time: 0 seconds (0d 0h 0m 0s)

