#
# There is insufficient memory for the Java Runtime Environment to continue.
# Native memory allocation (malloc) failed to allocate 526992 bytes for Chunk::new
# Possible reasons:
#   The system is out of physical RAM or swap space
#   The process is running with CompressedOops enabled, and the Java Heap may be blocking the growth of the native heap
# Possible solutions:
#   Reduce memory load on the system
#   Increase physical memory or swap space
#   Check if swap backing store is full
#   Decrease Java heap size (-Xmx/-Xms)
#   Decrease number of Java threads
#   Decrease Java thread stack sizes (-Xss)
#   Set larger code cache with -XX:ReservedCodeCacheSize=
#   JVM is running with Unscaled Compressed Oops mode in which the Java heap is
#     placed in the first 4GB address space. The Java Heap base address is the
#     maximum limit for the native heap growth. Please use -XX:HeapBaseMinAddress
#     to set the Java Heap base and to place the Java Heap above 4GB virtual address.
# This output file may be truncated or incomplete.
#
#  Out of Memory Error (allocation.cpp:389), pid=104, tid=0x0000000000000a58
#
# JRE version: OpenJDK Runtime Environment (8.0_242-b01) (build 1.8.0_242-release-1644-b01)
# Java VM: OpenJDK 64-Bit Server VM (25.242-b01 mixed mode windows-amd64 compressed oops)
# Failed to write core dump. Minidumps are not enabled by default on client versions of Windows
#

---------------  T H R E A D  ---------------

Current thread (0x00000000133ce800):  JavaThread "C2 CompilerThread1" daemon [_thread_in_native, id=2648, stack(0x0000000016150000,0x0000000016250000)]

Stack: [0x0000000016150000,0x0000000016250000]
[error occurred during error reporting (printing stack bounds), id 0xc0000005]

Native frames: (J=compiled Java code, j=interpreted, Vv=VM code, C=native code)


Current CompileTask:
C2:   3565 1088       4       org.objectweb.asm.ClassReader::readCode (3575 bytes)


---------------  P R O C E S S  ---------------

Java Threads: ( => current thread )
  0x0000000014b8c000 JavaThread "Service Thread" daemon [_thread_blocked, id=20888, stack(0x0000000016450000,0x0000000016550000)]
  0x0000000014b69800 JavaThread "C1 CompilerThread3" daemon [_thread_blocked, id=4912, stack(0x0000000016350000,0x0000000016450000)]
  0x0000000014b2d800 JavaThread "C2 CompilerThread2" daemon [_thread_blocked, id=20444, stack(0x0000000016250000,0x0000000016350000)]
=>0x00000000133ce800 JavaThread "C2 CompilerThread1" daemon [_thread_in_native, id=2648, stack(0x0000000016150000,0x0000000016250000)]
  0x00000000133c8000 JavaThread "C2 CompilerThread0" daemon [_thread_in_native, id=10892, stack(0x0000000016050000,0x0000000016150000)]
  0x0000000014ab6800 JavaThread "Attach Listener" daemon [_thread_blocked, id=14800, stack(0x0000000015f50000,0x0000000016050000)]
  0x0000000014ab5800 JavaThread "Signal Dispatcher" daemon [_thread_blocked, id=4104, stack(0x0000000015e50000,0x0000000015f50000)]
  0x00000000133c1800 JavaThread "Finalizer" daemon [_thread_blocked, id=5964, stack(0x0000000015cf0000,0x0000000015df0000)]
  0x0000000002a0e000 JavaThread "Reference Handler" daemon [_thread_blocked, id=20244, stack(0x0000000015bf0000,0x0000000015cf0000)]
  0x0000000002915800 JavaThread "main" [_thread_blocked, id=12108, stack(0x0000000002810000,0x0000000002910000)]

Other Threads:
  0x00000000133b5800 VMThread [stack: 0x0000000015af0000,0x0000000015bf0000] [id=16480]
  0x0000000014b8d800 WatcherThread [stack: 0x0000000016550000,0x0000000016650000] [id=12820]

VM state:not at safepoint (normal execution)

VM Mutex/Monitor currently owned by a thread:  ([mutex/lock_event])
[0x0000000002912a50] Heap_lock - owner thread: 0x0000000002915800

heap address: 0x00000000fc000000, size: 64 MB, Compressed Oops mode: 32-bit
Narrow klass base: 0x0000000000000000, Narrow klass shift: 3
Compressed class space size: 1073741824 Address: 0x0000000100000000

Heap:
 PSYoungGen      total 18944K, used 2539K [0x00000000feb00000, 0x0000000100000000, 0x0000000100000000)
  eden space 16384K, 0% used [0x00000000feb00000,0x00000000feb001d0,0x00000000ffb00000)
  from space 2560K, 99% used [0x00000000ffd80000,0x00000000ffffad28,0x0000000100000000)
  to   space 2560K, 0% used [0x00000000ffb00000,0x00000000ffb00000,0x00000000ffd80000)
 ParOldGen       total 44032K, used 5934K [0x00000000fc000000, 0x00000000feb00000, 0x00000000feb00000)
  object space 44032K, 13% used [0x00000000fc000000,0x00000000fc5cbaf0,0x00000000feb00000)
 Metaspace       used 7954K, capacity 8164K, committed 8192K, reserved 1056768K
  class space    used 896K, capacity 1002K, committed 1024K, reserved 1048576K

Card table byte_map: [0x0000000002310000,0x0000000002340000] byte_map_base: 0x0000000001b30000

Marking Bits: (ParMarkBitMap*) 0x00000000584bf030
 Begin Bits: [0x00000000127d0000, 0x00000000128d0000)
 End Bits:   [0x00000000128d0000, 0x00000000129d0000)

Polling page: 0x0000000000a30000

CodeCache: size=245760Kb used=4510Kb max_used=4521Kb free=241249Kb
 bounds [0x0000000002a10000, 0x0000000002e80000, 0x0000000011a10000]
 total_blobs=1499 nmethods=1163 adapters=249
 compilation: enabled

Compilation events (10 events):
Event: 3.398 Thread 0x0000000014b2d800 1157       4       java.util.HashMap::putVal (300 bytes)
Event: 3.402 Thread 0x0000000014b69800 1167       3       com.google.devtools.build.android.desugar.InterfaceDesugaring::access$200 (7 bytes)
Event: 3.402 Thread 0x0000000014b69800 nmethod 1167 0x0000000002e741d0 code [0x0000000002e74340, 0x0000000002e744a8]
Event: 3.411 Thread 0x0000000014b2d800 nmethod 1157 0x0000000002e7c6d0 code [0x0000000002e7c8c0, 0x0000000002e7d5f8]
Event: 3.411 Thread 0x0000000014b2d800 1158       4       java.util.zip.ZipOutputStream::writeShort (41 bytes)
Event: 3.414 Thread 0x0000000014b2d800 nmethod 1158 0x0000000002e7de10 code [0x0000000002e7df80, 0x0000000002e7e4f8]
Event: 3.414 Thread 0x0000000014b2d800 1169       4       org.objectweb.asm.ClassReader::<init> (257 bytes)
Event: 3.562 Thread 0x0000000014b2d800 nmethod 1169 0x0000000002e7bd50 code [0x0000000002e7bf80, 0x0000000002e7c3d8]
Event: 3.563 Thread 0x0000000014b2d800 1168       4       com.google.common.base.Preconditions::checkNotNull (14 bytes)
Event: 3.563 Thread 0x0000000014b2d800 nmethod 1168 0x0000000002da2610 code [0x0000000002da2740, 0x0000000002da2798]

GC Heap History (8 events):
Event: 1.706 GC heap before
{Heap before GC invocations=1 (full 0):
 PSYoungGen      total 18944K, used 16384K [0x00000000feb00000, 0x0000000100000000, 0x0000000100000000)
  eden space 16384K, 100% used [0x00000000feb00000,0x00000000ffb00000,0x00000000ffb00000)
  from space 2560K, 0% used [0x00000000ffd80000,0x00000000ffd80000,0x0000000100000000)
  to   space 2560K, 0% used [0x00000000ffb00000,0x00000000ffb00000,0x00000000ffd80000)
 ParOldGen       total 44032K, used 0K [0x00000000fc000000, 0x00000000feb00000, 0x00000000feb00000)
  object space 44032K, 0% used [0x00000000fc000000,0x00000000fc000000,0x00000000feb00000)
 Metaspace       used 6679K, capacity 6874K, committed 7040K, reserved 1056768K
  class space    used 782K, capacity 871K, committed 896K, reserved 1048576K
Event: 1.752 GC heap after
Heap after GC invocations=1 (full 0):
 PSYoungGen      total 18944K, used 2536K [0x00000000feb00000, 0x0000000100000000, 0x0000000100000000)
  eden space 16384K, 0% used [0x00000000feb00000,0x00000000feb00000,0x00000000ffb00000)
  from space 2560K, 99% used [0x00000000ffb00000,0x00000000ffd7a030,0x00000000ffd80000)
  to   space 2560K, 0% used [0x00000000ffd80000,0x00000000ffd80000,0x0000000100000000)
 ParOldGen       total 44032K, used 1429K [0x00000000fc000000, 0x00000000feb00000, 0x00000000feb00000)
  object space 44032K, 3% used [0x00000000fc000000,0x00000000fc165670,0x00000000feb00000)
 Metaspace       used 6679K, capacity 6874K, committed 7040K, reserved 1056768K
  class space    used 782K, capacity 871K, committed 896K, reserved 1048576K
}
Event: 2.363 GC heap before
{Heap before GC invocations=2 (full 0):
 PSYoungGen      total 18944K, used 18920K [0x00000000feb00000, 0x0000000100000000, 0x0000000100000000)
  eden space 16384K, 100% used [0x00000000feb00000,0x00000000ffb00000,0x00000000ffb00000)
  from space 2560K, 99% used [0x00000000ffb00000,0x00000000ffd7a030,0x00000000ffd80000)
  to   space 2560K, 0% used [0x00000000ffd80000,0x00000000ffd80000,0x0000000100000000)
 ParOldGen       total 44032K, used 1429K [0x00000000fc000000, 0x00000000feb00000, 0x00000000feb00000)
  object space 44032K, 3% used [0x00000000fc000000,0x00000000fc165670,0x00000000feb00000)
 Metaspace       used 7786K, capacity 8036K, committed 8192K, reserved 1056768K
  class space    used 895K, capacity 1002K, committed 1024K, reserved 1048576K
Event: 2.637 GC heap after
Heap after GC invocations=2 (full 0):
 PSYoungGen      total 18944K, used 2549K [0x00000000feb00000, 0x0000000100000000, 0x0000000100000000)
  eden space 16384K, 0% used [0x00000000feb00000,0x00000000feb00000,0x00000000ffb00000)
  from space 2560K, 99% used [0x00000000ffd80000,0x00000000ffffd4b0,0x0000000100000000)
  to   space 2560K, 0% used [0x00000000ffb00000,0x00000000ffb00000,0x00000000ffd80000)
 ParOldGen       total 44032K, used 5534K [0x00000000fc000000, 0x00000000feb00000, 0x00000000feb00000)
  object space 44032K, 12% used [0x00000000fc000000,0x00000000fc567af0,0x00000000feb00000)
 Metaspace       used 7786K, capacity 8036K, committed 8192K, reserved 1056768K
  class space    used 895K, capacity 1002K, committed 1024K, reserved 1048576K
}
Event: 3.108 GC heap before
{Heap before GC invocations=3 (full 0):
 PSYoungGen      total 18944K, used 18933K [0x00000000feb00000, 0x0000000100000000, 0x0000000100000000)
  eden space 16384K, 100% used [0x00000000feb00000,0x00000000ffb00000,0x00000000ffb00000)
  from space 2560K, 99% used [0x00000000ffd80000,0x00000000ffffd4b0,0x0000000100000000)
  to   space 2560K, 0% used [0x00000000ffb00000,0x00000000ffb00000,0x00000000ffd80000)
 ParOldGen       total 44032K, used 5534K [0x00000000fc000000, 0x00000000feb00000, 0x00000000feb00000)
  object space 44032K, 12% used [0x00000000fc000000,0x00000000fc567af0,0x00000000feb00000)
 Metaspace       used 7913K, capacity 8164K, committed 8192K, reserved 1056768K
  class space    used 896K, capacity 1002K, committed 1024K, reserved 1048576K
Event: 3.254 GC heap after
Heap after GC invocations=3 (full 0):
 PSYoungGen      total 18944K, used 2549K [0x00000000feb00000, 0x0000000100000000, 0x0000000100000000)
  eden space 16384K, 0% used [0x00000000feb00000,0x00000000feb00000,0x00000000ffb00000)
  from space 2560K, 99% used [0x00000000ffb00000,0x00000000ffd7d4b0,0x00000000ffd80000)
  to   space 2560K, 0% used [0x00000000ffd80000,0x00000000ffd80000,0x0000000100000000)
 ParOldGen       total 44032K, used 5686K [0x00000000fc000000, 0x00000000feb00000, 0x00000000feb00000)
  object space 44032K, 12% used [0x00000000fc000000,0x00000000fc58daf0,0x00000000feb00000)
 Metaspace       used 7913K, capacity 8164K, committed 8192K, reserved 1056768K
  class space    used 896K, capacity 1002K, committed 1024K, reserved 1048576K
}
Event: 3.415 GC heap before
{Heap before GC invocations=4 (full 0):
 PSYoungGen      total 18944K, used 18933K [0x00000000feb00000, 0x0000000100000000, 0x0000000100000000)
  eden space 16384K, 100% used [0x00000000feb00000,0x00000000ffb00000,0x00000000ffb00000)
  from space 2560K, 99% used [0x00000000ffb00000,0x00000000ffd7d4b0,0x00000000ffd80000)
  to   space 2560K, 0% used [0x00000000ffd80000,0x00000000ffd80000,0x0000000100000000)
 ParOldGen       total 44032K, used 5686K [0x00000000fc000000, 0x00000000feb00000, 0x00000000feb00000)
  object space 44032K, 12% used [0x00000000fc000000,0x00000000fc58daf0,0x00000000feb00000)
 Metaspace       used 7954K, capacity 8164K, committed 8192K, reserved 1056768K
  class space    used 896K, capacity 1002K, committed 1024K, reserved 1048576K
Event: 3.557 GC heap after
Heap after GC invocations=4 (full 0):
 PSYoungGen      total 18944K, used 2539K [0x00000000feb00000, 0x0000000100000000, 0x0000000100000000)
  eden space 16384K, 0% used [0x00000000feb00000,0x00000000feb00000,0x00000000ffb00000)
  from space 2560K, 99% used [0x00000000ffd80000,0x00000000ffffad28,0x0000000100000000)
  to   space 2560K, 0% used [0x00000000ffb00000,0x00000000ffb00000,0x00000000ffd80000)
 ParOldGen       total 44032K, used 5934K [0x00000000fc000000, 0x00000000feb00000, 0x00000000feb00000)
  object space 44032K, 13% used [0x00000000fc000000,0x00000000fc5cbaf0,0x00000000feb00000)
 Metaspace       used 7954K, capacity 8164K, committed 8192K, reserved 1056768K
  class space    used 896K, capacity 1002K, committed 1024K, reserved 1048576K
}

Deoptimization events (10 events):
Event: 2.206 Thread 0x0000000002915800 Uncommon trap: reason=unstable_if action=reinterpret pc=0x0000000002c3acc8 method=java.util.HashMap.putVal(ILjava/lang/Object;Ljava/lang/Object;ZZ)Ljava/lang/Object; @ 181
Event: 2.685 Thread 0x0000000002915800 Uncommon trap: reason=unstable_if action=reinterpret pc=0x0000000002ce8698 method=java.lang.String.<init>([CII)V @ 18
Event: 2.701 Thread 0x0000000002915800 Uncommon trap: reason=unstable_if action=reinterpret pc=0x0000000002d5d1c4 method=org.objectweb.asm.Type.getArgumentsAndReturnSizes(Ljava/lang/String;)I @ 130
Event: 2.710 Thread 0x0000000002915800 Uncommon trap: reason=unstable_if action=reinterpret pc=0x0000000002ce0a3c method=java.lang.String.<init>([CII)V @ 18
Event: 2.770 Thread 0x0000000002915800 Uncommon trap: reason=unstable_if action=reinterpret pc=0x0000000002db07a8 method=java.io.BufferedOutputStream.write(I)V @ 9
Event: 2.771 Thread 0x0000000002915800 Uncommon trap: reason=unstable_if action=reinterpret pc=0x0000000002d8cc00 method=org.objectweb.asm.MethodWriter.visitVarInsn(II)V @ 148
Event: 2.958 Thread 0x0000000002915800 Uncommon trap: reason=null_check action=make_not_entrant pc=0x0000000002de0908 method=com.google.devtools.build.android.desugar.InterfaceDesugaring$InterfaceInvocationRewriter.visitMethodInsn(ILjava/lang/String;Ljava/lang/String;Ljava/lang/String;Z)V @ 10
Event: 3.264 Thread 0x0000000002915800 Uncommon trap: reason=unstable_if action=reinterpret pc=0x0000000002e0d094 method=java.lang.Integer.valueOf(I)Ljava/lang/Integer; @ 3
Event: 3.333 Thread 0x0000000002915800 Uncommon trap: reason=unstable_if action=reinterpret pc=0x0000000002df2c64 method=com.google.common.collect.AbstractMultimap.containsEntry(Ljava/lang/Object;Ljava/lang/Object;)Z @ 15
Event: 3.334 Thread 0x0000000002915800 Uncommon trap: reason=unstable_if action=reinterpret pc=0x0000000002df92d8 method=com.google.common.collect.AbstractMultimap.containsEntry(Ljava/lang/Object;Ljava/lang/Object;)Z @ 15

Classes redefined (0 events):
No events

Internal exceptions (10 events):
Event: 1.836 Thread 0x0000000002915800 Exception <a 'sun/nio/fs/WindowsException'> (0x00000000ff2c3910) thrown at [C:\src\AOSP-openjdk-git\hotspot\src\share\vm\prims\jni.cpp, line 710]
Event: 1.961 Thread 0x0000000002915800 Exception <a 'sun/nio/fs/WindowsException'> (0x00000000ff610f30) thrown at [C:\src\AOSP-openjdk-git\hotspot\src\share\vm\prims\jni.cpp, line 710]
Event: 1.962 Thread 0x0000000002915800 Exception <a 'sun/nio/fs/WindowsException'> (0x00000000ff6114e0) thrown at [C:\src\AOSP-openjdk-git\hotspot\src\share\vm\prims\jni.cpp, line 710]
Event: 2.221 Thread 0x0000000002915800 Exception <a 'sun/nio/fs/WindowsException'> (0x00000000ff9b6df0) thrown at [C:\src\AOSP-openjdk-git\hotspot\src\share\vm\prims\jni.cpp, line 710]
Event: 2.221 Thread 0x0000000002915800 Exception <a 'sun/nio/fs/WindowsException'> (0x00000000ff9b7320) thrown at [C:\src\AOSP-openjdk-git\hotspot\src\share\vm\prims\jni.cpp, line 710]
Event: 2.958 Thread 0x0000000002915800 Implicit null exception at 0x0000000002de0248 to 0x0000000002de08f5
Event: 3.362 Thread 0x0000000002915800 Exception <a 'sun/nio/fs/WindowsException'> (0x00000000ff6a86e0) thrown at [C:\src\AOSP-openjdk-git\hotspot\src\share\vm\prims\jni.cpp, line 710]
Event: 3.362 Thread 0x0000000002915800 Exception <a 'sun/nio/fs/WindowsException'> (0x00000000ff6a8c10) thrown at [C:\src\AOSP-openjdk-git\hotspot\src\share\vm\prims\jni.cpp, line 710]
Event: 3.365 Thread 0x0000000002915800 Exception <a 'sun/nio/fs/WindowsException'> (0x00000000ff703bf8) thrown at [C:\src\AOSP-openjdk-git\hotspot\src\share\vm\prims\jni.cpp, line 710]
Event: 3.379 Thread 0x0000000002915800 Exception <a 'sun/nio/fs/WindowsException'> (0x00000000ff704128) thrown at [C:\src\AOSP-openjdk-git\hotspot\src\share\vm\prims\jni.cpp, line 710]

Events (10 events):
Event: 3.333 Thread 0x0000000002915800 Uncommon trap: trap_request=0xffffff65 fr.pc=0x0000000002df2c64
Event: 3.333 Thread 0x0000000002915800 DEOPT PACKING pc=0x0000000002df2c64 sp=0x000000000290e540
Event: 3.333 Thread 0x0000000002915800 DEOPT UNPACKING pc=0x0000000002a5557b sp=0x000000000290e3a8 mode 2
Event: 3.334 Thread 0x0000000002915800 Uncommon trap: trap_request=0xffffff65 fr.pc=0x0000000002df92d8
Event: 3.334 Thread 0x0000000002915800 DEOPT PACKING pc=0x0000000002df92d8 sp=0x000000000290e4a0
Event: 3.334 Thread 0x0000000002915800 DEOPT UNPACKING pc=0x0000000002a5557b sp=0x000000000290e390 mode 2
Event: 3.413 Thread 0x0000000002915800 DEOPT PACKING pc=0x0000000002db79f7 sp=0x000000000290ed80
Event: 3.413 Thread 0x0000000002915800 DEOPT UNPACKING pc=0x0000000002a575d0 sp=0x000000000290ea98 mode 0
Event: 3.415 Executing VM operation: ParallelGCFailedAllocation
Event: 3.557 Executing VM operation: ParallelGCFailedAllocation done


Dynamic libraries:
0x00007ff6e90c0000 - 0x00007ff6e90f1000 	D:\softwrae\Android_studio\androidstudio\jre\bin\java.exe
0x00007ffe76260000 - 0x00007ffe76450000 	C:\Windows\SYSTEM32\ntdll.dll
0x00007ffe75170000 - 0x00007ffe75222000 	C:\Windows\System32\KERNEL32.DLL
0x00007ffe73610000 - 0x00007ffe738b5000 	C:\Windows\System32\KERNELBASE.dll
0x00007ffe75dc0000 - 0x00007ffe75e63000 	C:\Windows\System32\ADVAPI32.dll
0x00007ffe75ef0000 - 0x00007ffe75f8e000 	C:\Windows\System32\msvcrt.dll
0x00007ffe75f90000 - 0x00007ffe76027000 	C:\Windows\System32\sechost.dll
0x00007ffe74cb0000 - 0x00007ffe74dcf000 	C:\Windows\System32\RPCRT4.dll
0x00007ffe754f0000 - 0x00007ffe75684000 	C:\Windows\System32\USER32.dll
0x00007ffe73280000 - 0x00007ffe732a1000 	C:\Windows\System32\win32u.dll
0x00007ffe75440000 - 0x00007ffe75466000 	C:\Windows\System32\GDI32.dll
0x00007ffe732b0000 - 0x00007ffe73448000 	C:\Windows\System32\gdi32full.dll
0x00007ffe73570000 - 0x00007ffe7360e000 	C:\Windows\System32\msvcp_win.dll
0x00007ffe738c0000 - 0x00007ffe739ba000 	C:\Windows\System32\ucrtbase.dll
0x00007ffe5fb80000 - 0x00007ffe5fe04000 	C:\Windows\WinSxS\amd64_microsoft.windows.common-controls_6595b64144ccf1df_6.0.18362.1440_none_9e7dbfb9e45e8e67\COMCTL32.dll
0x00007ffe74dd0000 - 0x00007ffe75106000 	C:\Windows\System32\combase.dll
0x00007ffe73480000 - 0x00007ffe73501000 	C:\Windows\System32\bcryptPrimitives.dll
0x00007ffe74ad0000 - 0x00007ffe74afe000 	C:\Windows\System32\IMM32.DLL
0x0000000057af0000 - 0x0000000057bc2000 	D:\softwrae\Android_studio\androidstudio\jre\jre\bin\msvcr100.dll
0x0000000057cf0000 - 0x000000005853b000 	D:\softwrae\Android_studio\androidstudio\jre\jre\bin\server\jvm.dll
0x00007ffe74a00000 - 0x00007ffe74a08000 	C:\Windows\System32\PSAPI.DLL
0x00007ffe5b400000 - 0x00007ffe5b409000 	C:\Windows\SYSTEM32\WSOCK32.dll
0x00007ffe710e0000 - 0x00007ffe71104000 	C:\Windows\SYSTEM32\WINMM.dll
0x00007ffe65a20000 - 0x00007ffe65a2a000 	C:\Windows\SYSTEM32\VERSION.dll
0x00007ffe75360000 - 0x00007ffe753cf000 	C:\Windows\System32\WS2_32.dll
0x00007ffe70ed0000 - 0x00007ffe70efd000 	C:\Windows\SYSTEM32\WINMMBASE.dll
0x00007ffe739e0000 - 0x00007ffe73a2a000 	C:\Windows\System32\cfgmgr32.dll
0x00007ffe6fa50000 - 0x00007ffe6fa5f000 	D:\softwrae\Android_studio\androidstudio\jre\jre\bin\verify.dll
0x00007ffe5f670000 - 0x00007ffe5f699000 	D:\softwrae\Android_studio\androidstudio\jre\jre\bin\java.dll
0x00007ffe6fa30000 - 0x00007ffe6fa46000 	D:\softwrae\Android_studio\androidstudio\jre\jre\bin\zip.dll
0x00007ffe74310000 - 0x00007ffe749f8000 	C:\Windows\System32\SHELL32.dll
0x00007ffe74a20000 - 0x00007ffe74ac7000 	C:\Windows\System32\shcore.dll
0x00007ffe73b90000 - 0x00007ffe7430b000 	C:\Windows\System32\windows.storage.dll
0x00007ffe73160000 - 0x00007ffe7317e000 	C:\Windows\System32\profapi.dll
0x00007ffe73180000 - 0x00007ffe731ca000 	C:\Windows\System32\powrprof.dll
0x00007ffe73110000 - 0x00007ffe73120000 	C:\Windows\System32\UMPDC.dll
0x00007ffe75110000 - 0x00007ffe75162000 	C:\Windows\System32\shlwapi.dll
0x00007ffe73140000 - 0x00007ffe73151000 	C:\Windows\System32\kernel.appcore.dll
0x00007ffe739c0000 - 0x00007ffe739d7000 	C:\Windows\System32\cryptsp.dll
0x00007ffe724d0000 - 0x00007ffe72503000 	C:\Windows\system32\rsaenh.dll
0x00007ffe73450000 - 0x00007ffe73476000 	C:\Windows\System32\bcrypt.dll
0x00007ffe72ff0000 - 0x00007ffe73015000 	C:\Windows\SYSTEM32\USERENV.dll
0x00007ffe72b20000 - 0x00007ffe72b2c000 	C:\Windows\SYSTEM32\CRYPTBASE.dll
0x00007ffe6e5d0000 - 0x00007ffe6e5ea000 	D:\softwrae\Android_studio\androidstudio\jre\jre\bin\net.dll
0x00007ffe72950000 - 0x00007ffe729b7000 	C:\Windows\system32\mswsock.dll
0x00007ffe72660000 - 0x00007ffe7269a000 	C:\Windows\SYSTEM32\IPHLPAPI.DLL
0x00007ffe75690000 - 0x00007ffe75698000 	C:\Windows\System32\NSI.dll
0x00007ffe6b0c0000 - 0x00007ffe6b0d6000 	C:\Windows\SYSTEM32\dhcpcsvc6.DLL
0x00007ffe6aba0000 - 0x00007ffe6abbc000 	C:\Windows\SYSTEM32\dhcpcsvc.DLL
0x00007ffe726b0000 - 0x00007ffe7277b000 	C:\Windows\SYSTEM32\DNSAPI.dll
0x00007ffe63f40000 - 0x00007ffe63f53000 	D:\softwrae\Android_studio\androidstudio\jre\jre\bin\nio.dll

VM Arguments:
jvm_args: -Djava.awt.headless=true -Xmx64M -Dfile.encoding=UTF-8 -Duser.country=CN -Duser.language=zh -Duser.variant 
java_command: com.google.devtools.build.android.desugar.Desugar --input C:\data\software\Android_studio\Reposities\kaoyanAPP\app\build\intermediates\transforms\stackFramesFixer\debug\16.jar --output C:\data\software\Android_studio\Reposities\kaoyanAPP\app\build\intermediates\transforms\desugar\debug\17.jar --input C:\data\software\Android_studio\Reposities\kaoyanAPP\app\build\intermediates\transforms\stackFramesFixer\debug\2.jar --output C:\data\software\Android_studio\Reposities\kaoyanAPP\app\build\intermediates\transforms\desugar\debug\3.jar --input C:\data\software\Android_studio\Reposities\kaoyanAPP\app\build\intermediates\transforms\stackFramesFixer\debug\25.jar --output C:\data\software\Android_studio\Reposities\kaoyanAPP\app\build\intermediates\transforms\desugar\debug\26.jar --input C:\data\software\Android_studio\Reposities\kaoyanAPP\app\build\intermediates\transforms\stackFramesFixer\debug\12.jar --output C:\data\software\Android_studio\Reposities\kaoyanAPP\app\build\intermediates\transforms\desugar\debug\13.jar --classpath_entry C:\data\software\Android_studio\Reposities\kaoyanAPP\app\build\intermediates\classes\debug --classpath_entry C:\data\software\Android_studio\Reposities\kaoyanAPP\app\build\intermediates\transforms\stackFramesFixer\debug\0.jar --classpath_entry C:\data\software\Android_studio\Reposities\kaoyanAPP\app\build\intermediates\transforms\stackFramesFixer\debug\1.jar --classpath_entry C:\data\software\Android_studio\Reposities\kaoyanAPP\app\build\intermediates\transforms\stackFramesFixer\debug\2.jar --classpath_entry C:\data\software\Android_studio\Reposities\kaoyanAPP\app\build\intermediates\transforms\stackFramesFixer\debug\3.jar --classpath_entry C:\data\software\Android_studio\Reposities\kaoyanAPP\app\build\intermediates\transforms\stackFramesFixer\debug\4.jar --classpath_entry C:\data\software\Android_studio\Reposities\kaoyanAPP\app\build\intermediates\transforms\stackFramesFixer\debug\5.jar --classpath_entry C:\data\software\Androi
java_class_path (initial): C:\Users\15751\AppData\Local\Temp\desugar_deploy.jar4490792368474580725
Launcher Type: SUN_STANDARD

Environment Variables:
JAVA_HOME=C:\Program Files\Java\jdk1.8.0_271
CLASSPATH=.;C:\Program Files\Java\jdk1.8.0_271\bin;C:\Program Files\Java\jdk1.8.0_271\lib\dt.jar;C:\Program Files\Java\jdk1.8.0_271\lib\tools.jar
PATH=C:\data\software\vmware\vmware\bin\;C:\Program Files\Java\jdk1.8.0_271\bin;C:\Program Files\Java\jdk1.8.0_271\jre\bin;C:\data\software\git\git\cmd;C:\data\software\tools\maven\apache-maven-3.6.3\bin;C:\Program Files\Microsoft SQL Server\130\Tools\Binn\;C:\Program Files\Java\jdk1.8.0_271;C:\data\software\tools\gradle\gradle\gradle-6.7\bin\;C:\Program Files\NVIDIA Corporation\NVIDIA NvDLISR;C:\Windows\System32;C:\Program Files\dotnet\;C:\Program Files\Microsoft SQL Server\Client SDK\ODBC\170\Tools\Binn\;D:\softwrae\Tools\Xshell_7.0.0054\评估版\data\;C:\Users\15751\AppData\Local\Programs\Python\Python37\Scripts\;C:\Users\15751\AppData\Local\Programs\Python\Python37\;C:\Users\15751\AppData\Local\Microsoft\WindowsApps;;C:\data\software\idea\idea\IntelliJ IDEA 2020.2.3\bin;;C:\data\software\pycharm\pycharm\bin;;D:\softwrae\jetBrains\dataGrip\dataGrip\bin;;C:\Users\15751\.dotnet\tools
USERNAME=15751
OS=Windows_NT
PROCESSOR_IDENTIFIER=Intel64 Family 6 Model 158 Stepping 10, GenuineIntel



---------------  S Y S T E M  ---------------

OS: Windows 10.0 , 64 bit Build 18362 (10.0.18362.1350)

CPU:total 12 (initial active 12) (6 cores per cpu, 2 threads per core) family 6 model 158 stepping 10, cmov, cx8, fxsr, mmx, sse, sse2, sse3, ssse3, sse4.1, sse4.2, popcnt, avx, avx2, aes, clmul, erms, 3dnowpref, lzcnt, ht, tsc, tscinvbit, bmi1, bmi2, adx

Memory: 4k page, physical 16642228k(3544220k free), swap 25030836k(5120k free)

vm_info: OpenJDK 64-Bit Server VM (25.242-b01) for windows-amd64 JRE (1.8.0_242-release-1644-b01), built by "builder" with MS VC++ 10.0 (VS2010)

time: Tue Apr 06 10:19:30 2021
timezone: 中国标准时间
elapsed time: 3 seconds (0d 0h 0m 3s)

