#
# There is insufficient memory for the Java Runtime Environment to continue.
# Native memory allocation (malloc) failed to allocate 598096 bytes for Chunk::new
# Possible reasons:
#   The system is out of physical RAM or swap space
#   The process is running with CompressedOops enabled, and the Java Heap may be blocking the growth of the native heap
# Possible solutions:
#   Reduce memory load on the system
#   Increase physical memory or swap space
#   Check if swap backing store is full
#   Decrease Java heap size (-Xmx/-Xms)
#   Decrease number of Java threads
#   Decrease Java thread stack sizes (-Xss)
#   Set larger code cache with -XX:ReservedCodeCacheSize=
#   JVM is running with Unscaled Compressed Oops mode in which the Java heap is
#     placed in the first 4GB address space. The Java Heap base address is the
#     maximum limit for the native heap growth. Please use -XX:HeapBaseMinAddress
#     to set the Java Heap base and to place the Java Heap above 4GB virtual address.
# This output file may be truncated or incomplete.
#
#  Out of Memory Error (allocation.cpp:389), pid=21988, tid=0x00000000000024bc
#
# JRE version: OpenJDK Runtime Environment (8.0_242-b01) (build 1.8.0_242-release-1644-b01)
# Java VM: OpenJDK 64-Bit Server VM (25.242-b01 mixed mode windows-amd64 compressed oops)
# Failed to write core dump. Minidumps are not enabled by default on client versions of Windows
#

---------------  T H R E A D  ---------------

Current thread (0x0000000015832000):  JavaThread "C2 CompilerThread2" daemon [_thread_in_native, id=9404, stack(0x0000000016f80000,0x0000000017080000)]

Stack: [0x0000000016f80000,0x0000000017080000]
[error occurred during error reporting (printing stack bounds), id 0xc0000005]

Native frames: (J=compiled Java code, j=interpreted, Vv=VM code, C=native code)


Current CompileTask:
C2:   3522  891 %     4       org.objectweb.asm.ClassReader::readCode @ 1446 (3575 bytes)


---------------  P R O C E S S  ---------------

Java Threads: ( => current thread )
  0x00000000158c1800 JavaThread "Service Thread" daemon [_thread_blocked, id=12228, stack(0x0000000017180000,0x0000000017280000)]
  0x0000000015832800 JavaThread "C1 CompilerThread3" daemon [_thread_in_vm, id=11444, stack(0x0000000017080000,0x0000000017180000)]
=>0x0000000015832000 JavaThread "C2 CompilerThread2" daemon [_thread_in_native, id=9404, stack(0x0000000016f80000,0x0000000017080000)]
  0x000000001582e800 JavaThread "C2 CompilerThread1" daemon [_thread_in_native, id=16268, stack(0x0000000016e80000,0x0000000016f80000)]
  0x00000000157d0000 JavaThread "C2 CompilerThread0" daemon [_thread_in_native, id=6272, stack(0x0000000016d80000,0x0000000016e80000)]
  0x000000001582a800 JavaThread "Attach Listener" daemon [_thread_blocked, id=16752, stack(0x0000000016c80000,0x0000000016d80000)]
  0x00000000157b8800 JavaThread "Signal Dispatcher" daemon [_thread_blocked, id=16336, stack(0x0000000016b80000,0x0000000016c80000)]
  0x00000000140e2800 JavaThread "Finalizer" daemon [_thread_blocked, id=16304, stack(0x0000000016a10000,0x0000000016b10000)]
  0x00000000140dc800 JavaThread "Reference Handler" daemon [_thread_blocked, id=12924, stack(0x0000000016910000,0x0000000016a10000)]
  0x00000000035f5800 JavaThread "main" [_thread_in_Java, id=15180, stack(0x00000000034f0000,0x00000000035f0000)]

Other Threads:
  0x0000000015792800 VMThread [stack: 0x0000000016810000,0x0000000016910000] [id=5396]
  0x0000000015895800 WatcherThread [stack: 0x0000000017280000,0x0000000017380000] [id=2360]

VM state:not at safepoint (normal execution)

VM Mutex/Monitor currently owned by a thread:  ([mutex/lock_event])
[0x00000000035f36e0] Compile_lock - owner thread: 0x0000000000000000

heap address: 0x00000000fc000000, size: 64 MB, Compressed Oops mode: 32-bit
Narrow klass base: 0x0000000000000000, Narrow klass shift: 3
Compressed class space size: 1073741824 Address: 0x0000000100000000

Heap:
 PSYoungGen      total 18944K, used 5260K [0x00000000feb00000, 0x0000000100000000, 0x0000000100000000)
  eden space 16384K, 16% used [0x00000000feb00000,0x00000000feda3490,0x00000000ffb00000)
  from space 2560K, 99% used [0x00000000ffd80000,0x00000000fffffe68,0x0000000100000000)
  to   space 2560K, 0% used [0x00000000ffb00000,0x00000000ffb00000,0x00000000ffd80000)
 ParOldGen       total 44032K, used 5551K [0x00000000fc000000, 0x00000000feb00000, 0x00000000feb00000)
  object space 44032K, 12% used [0x00000000fc000000,0x00000000fc56bca0,0x00000000feb00000)
 Metaspace       used 7881K, capacity 8100K, committed 8192K, reserved 1056768K
  class space    used 895K, capacity 1002K, committed 1024K, reserved 1048576K

Card table byte_map: [0x00000000034a0000,0x00000000034d0000] byte_map_base: 0x0000000002cc0000

Marking Bits: (ParMarkBitMap*) 0x00000000584bf030
 Begin Bits: [0x00000000134d0000, 0x00000000135d0000)
 End Bits:   [0x00000000135d0000, 0x00000000136d0000)

Polling page: 0x0000000000ff0000

CodeCache: size=245760Kb used=3677Kb max_used=3689Kb free=242082Kb
 bounds [0x00000000036f0000, 0x0000000003a90000, 0x00000000126f0000]
 total_blobs=1283 nmethods=948 adapters=249
 compilation: enabled

Compilation events (10 events):
Event: 3.509 Thread 0x0000000015832800  943       3       org.objectweb.asm.MethodWriter::getSize (864 bytes)
Event: 3.512 Thread 0x0000000015832800 nmethod 943 0x0000000003a6f790 code [0x0000000003a6fc00, 0x0000000003a71fe8]
Event: 3.512 Thread 0x0000000015832800  944       3       org.objectweb.asm.MethodWriter::put (1631 bytes)
Event: 3.515 Thread 0x00000000157d0000  946       4       java.util.HashMap::newNode (13 bytes)
Event: 3.516 Thread 0x0000000015832800 nmethod 944 0x0000000003a74890 code [0x0000000003a75120, 0x0000000003a78ad8]
Event: 3.516 Thread 0x00000000157d0000 nmethod 946 0x0000000003a5ee50 code [0x0000000003a5efa0, 0x0000000003a5f0b8]
Event: 3.516 Thread 0x0000000015832800  945       3       org.objectweb.asm.ClassReader::accept (1273 bytes)
Event: 3.519 Thread 0x00000000157d0000  953       4       org.objectweb.asm.MethodWriter::visitVarInsn (300 bytes)
Event: 3.519 Thread 0x000000001582e800  954       4       org.objectweb.asm.MethodVisitor::visitFrame (22 bytes)
Event: 3.520 Thread 0x000000001582e800 nmethod 954 0x0000000003a61ad0 code [0x0000000003a61c20, 0x0000000003a61cd8]

GC Heap History (4 events):
Event: 1.775 GC heap before
{Heap before GC invocations=1 (full 0):
 PSYoungGen      total 18944K, used 16384K [0x00000000feb00000, 0x0000000100000000, 0x0000000100000000)
  eden space 16384K, 100% used [0x00000000feb00000,0x00000000ffb00000,0x00000000ffb00000)
  from space 2560K, 0% used [0x00000000ffd80000,0x00000000ffd80000,0x0000000100000000)
  to   space 2560K, 0% used [0x00000000ffb00000,0x00000000ffb00000,0x00000000ffd80000)
 ParOldGen       total 44032K, used 0K [0x00000000fc000000, 0x00000000feb00000, 0x00000000feb00000)
  object space 44032K, 0% used [0x00000000fc000000,0x00000000fc000000,0x00000000feb00000)
 Metaspace       used 6680K, capacity 6874K, committed 7040K, reserved 1056768K
  class space    used 782K, capacity 871K, committed 896K, reserved 1048576K
Event: 1.782 GC heap after
Heap after GC invocations=1 (full 0):
 PSYoungGen      total 18944K, used 2552K [0x00000000feb00000, 0x0000000100000000, 0x0000000100000000)
  eden space 16384K, 0% used [0x00000000feb00000,0x00000000feb00000,0x00000000ffb00000)
  from space 2560K, 99% used [0x00000000ffb00000,0x00000000ffd7e020,0x00000000ffd80000)
  to   space 2560K, 0% used [0x00000000ffd80000,0x00000000ffd80000,0x0000000100000000)
 ParOldGen       total 44032K, used 1421K [0x00000000fc000000, 0x00000000feb00000, 0x00000000feb00000)
  object space 44032K, 3% used [0x00000000fc000000,0x00000000fc1635e8,0x00000000feb00000)
 Metaspace       used 6680K, capacity 6874K, committed 7040K, reserved 1056768K
  class space    used 782K, capacity 871K, committed 896K, reserved 1048576K
}
Event: 2.941 GC heap before
{Heap before GC invocations=2 (full 0):
 PSYoungGen      total 18944K, used 18936K [0x00000000feb00000, 0x0000000100000000, 0x0000000100000000)
  eden space 16384K, 100% used [0x00000000feb00000,0x00000000ffb00000,0x00000000ffb00000)
  from space 2560K, 99% used [0x00000000ffb00000,0x00000000ffd7e020,0x00000000ffd80000)
  to   space 2560K, 0% used [0x00000000ffd80000,0x00000000ffd80000,0x0000000100000000)
 ParOldGen       total 44032K, used 1421K [0x00000000fc000000, 0x00000000feb00000, 0x00000000feb00000)
  object space 44032K, 3% used [0x00000000fc000000,0x00000000fc1635e8,0x00000000feb00000)
 Metaspace       used 7824K, capacity 8100K, committed 8192K, reserved 1056768K
  class space    used 894K, capacity 1002K, committed 1024K, reserved 1048576K
Event: 3.405 GC heap after
Heap after GC invocations=2 (full 0):
 PSYoungGen      total 18944K, used 2559K [0x00000000feb00000, 0x0000000100000000, 0x0000000100000000)
  eden space 16384K, 0% used [0x00000000feb00000,0x00000000feb00000,0x00000000ffb00000)
  from space 2560K, 99% used [0x00000000ffd80000,0x00000000fffffe68,0x0000000100000000)
  to   space 2560K, 0% used [0x00000000ffb00000,0x00000000ffb00000,0x00000000ffd80000)
 ParOldGen       total 44032K, used 5551K [0x00000000fc000000, 0x00000000feb00000, 0x00000000feb00000)
  object space 44032K, 12% used [0x00000000fc000000,0x00000000fc56bca0,0x00000000feb00000)
 Metaspace       used 7824K, capacity 8100K, committed 8192K, reserved 1056768K
  class space    used 894K, capacity 1002K, committed 1024K, reserved 1048576K
}

Deoptimization events (10 events):
Event: 2.324 Thread 0x00000000035f5800 Uncommon trap: reason=class_check action=maybe_recompile pc=0x00000000039361e8 method=com.google.common.collect.TransformedIterator.next()Ljava/lang/Object; @ 5
Event: 2.324 Thread 0x00000000035f5800 Uncommon trap: reason=class_check action=maybe_recompile pc=0x0000000003926710 method=com.google.common.collect.Iterators$7.transform(Ljava/lang/Object;)Ljava/lang/Object; @ 5
Event: 2.324 Thread 0x00000000035f5800 Uncommon trap: reason=class_check action=maybe_recompile pc=0x000000000393e9ec method=com.google.common.collect.TransformedIterator.hasNext()Z @ 4
Event: 2.324 Thread 0x00000000035f5800 Uncommon trap: reason=class_check action=maybe_recompile pc=0x00000000039361e8 method=com.google.common.collect.TransformedIterator.next()Ljava/lang/Object; @ 5
Event: 2.324 Thread 0x00000000035f5800 Uncommon trap: reason=class_check action=maybe_recompile pc=0x0000000003926710 method=com.google.common.collect.Iterators$7.transform(Ljava/lang/Object;)Ljava/lang/Object; @ 5
Event: 2.324 Thread 0x00000000035f5800 Uncommon trap: reason=class_check action=maybe_recompile pc=0x00000000039361e8 method=com.google.common.collect.TransformedIterator.next()Ljava/lang/Object; @ 5
Event: 2.324 Thread 0x00000000035f5800 Uncommon trap: reason=class_check action=maybe_recompile pc=0x0000000003926710 method=com.google.common.collect.Iterators$7.transform(Ljava/lang/Object;)Ljava/lang/Object; @ 5
Event: 2.711 Thread 0x00000000035f5800 Uncommon trap: reason=unstable_if action=reinterpret pc=0x0000000003925a58 method=java.util.HashMap.putVal(ILjava/lang/Object;Ljava/lang/Object;ZZ)Ljava/lang/Object; @ 181
Event: 2.857 Thread 0x00000000035f5800 Uncommon trap: reason=unstable_if action=reinterpret pc=0x00000000039d2e98 method=java.lang.String.<init>([CII)V @ 18
Event: 2.911 Thread 0x00000000035f5800 Uncommon trap: reason=unstable_if action=reinterpret pc=0x00000000039cfdbc method=java.lang.String.<init>([CII)V @ 18

Classes redefined (0 events):
No events

Internal exceptions (10 events):
Event: 1.899 Thread 0x00000000035f5800 Exception <a 'sun/nio/fs/WindowsException'> (0x00000000ff2c1ba0) thrown at [C:\src\AOSP-openjdk-git\hotspot\src\share\vm\prims\jni.cpp, line 710]
Event: 1.981 Thread 0x00000000035f5800 Exception <a 'sun/nio/fs/WindowsException'> (0x00000000ff2c67b0) thrown at [C:\src\AOSP-openjdk-git\hotspot\src\share\vm\prims\jni.cpp, line 710]
Event: 2.241 Thread 0x00000000035f5800 Exception <a 'sun/nio/fs/WindowsException'> (0x00000000ff613d18) thrown at [C:\src\AOSP-openjdk-git\hotspot\src\share\vm\prims\jni.cpp, line 710]
Event: 2.241 Thread 0x00000000035f5800 Exception <a 'sun/nio/fs/WindowsException'> (0x00000000ff6142c8) thrown at [C:\src\AOSP-openjdk-git\hotspot\src\share\vm\prims\jni.cpp, line 710]
Event: 2.707 Thread 0x00000000035f5800 Exception <a 'sun/nio/fs/WindowsException'> (0x00000000ff8aafd8) thrown at [C:\src\AOSP-openjdk-git\hotspot\src\share\vm\prims\jni.cpp, line 710]
Event: 2.707 Thread 0x00000000035f5800 Exception <a 'sun/nio/fs/WindowsException'> (0x00000000ff8ab508) thrown at [C:\src\AOSP-openjdk-git\hotspot\src\share\vm\prims\jni.cpp, line 710]
Event: 2.783 Thread 0x00000000035f5800 Exception <a 'sun/nio/fs/WindowsException'> (0x00000000ff9f0288) thrown at [C:\src\AOSP-openjdk-git\hotspot\src\share\vm\prims\jni.cpp, line 710]
Event: 2.783 Thread 0x00000000035f5800 Exception <a 'sun/nio/fs/WindowsException'> (0x00000000ff9f07b8) thrown at [C:\src\AOSP-openjdk-git\hotspot\src\share\vm\prims\jni.cpp, line 710]
Event: 2.801 Thread 0x00000000035f5800 Exception <a 'sun/nio/fs/WindowsException'> (0x00000000ffa231c0) thrown at [C:\src\AOSP-openjdk-git\hotspot\src\share\vm\prims\jni.cpp, line 710]
Event: 2.820 Thread 0x00000000035f5800 Exception <a 'sun/nio/fs/WindowsException'> (0x00000000ffa236f0) thrown at [C:\src\AOSP-openjdk-git\hotspot\src\share\vm\prims\jni.cpp, line 710]

Events (10 events):
Event: 2.857 Thread 0x00000000035f5800 Uncommon trap: trap_request=0xffffff65 fr.pc=0x00000000039d2e98
Event: 2.857 Thread 0x00000000035f5800 DEOPT PACKING pc=0x00000000039d2e98 sp=0x00000000035ee720
Event: 2.857 Thread 0x00000000035f5800 DEOPT UNPACKING pc=0x000000000373557b sp=0x00000000035ee5e0 mode 2
Event: 2.911 Thread 0x00000000035f5800 Uncommon trap: trap_request=0xffffff65 fr.pc=0x00000000039cfdbc
Event: 2.911 Thread 0x00000000035f5800 DEOPT PACKING pc=0x00000000039cfdbc sp=0x00000000035ee630
Event: 2.911 Thread 0x00000000035f5800 DEOPT UNPACKING pc=0x000000000373557b sp=0x00000000035ee550 mode 2
Event: 2.940 Executing VM operation: ParallelGCFailedAllocation
Event: 3.405 Executing VM operation: ParallelGCFailedAllocation done
Event: 3.420 loading class org/objectweb/asm/tree/TryCatchBlockNode
Event: 3.420 loading class org/objectweb/asm/tree/TryCatchBlockNode done


Dynamic libraries:
0x00007ff6e90c0000 - 0x00007ff6e90f1000 	D:\softwrae\Android_studio\androidstudio\jre\bin\java.exe
0x00007ffe76260000 - 0x00007ffe76450000 	C:\Windows\SYSTEM32\ntdll.dll
0x00007ffe75170000 - 0x00007ffe75222000 	C:\Windows\System32\KERNEL32.DLL
0x00007ffe73610000 - 0x00007ffe738b5000 	C:\Windows\System32\KERNELBASE.dll
0x00007ffe75dc0000 - 0x00007ffe75e63000 	C:\Windows\System32\ADVAPI32.dll
0x00007ffe75ef0000 - 0x00007ffe75f8e000 	C:\Windows\System32\msvcrt.dll
0x00007ffe75f90000 - 0x00007ffe76027000 	C:\Windows\System32\sechost.dll
0x00007ffe74cb0000 - 0x00007ffe74dcf000 	C:\Windows\System32\RPCRT4.dll
0x00007ffe754f0000 - 0x00007ffe75684000 	C:\Windows\System32\USER32.dll
0x00007ffe73280000 - 0x00007ffe732a1000 	C:\Windows\System32\win32u.dll
0x00007ffe75440000 - 0x00007ffe75466000 	C:\Windows\System32\GDI32.dll
0x00007ffe732b0000 - 0x00007ffe73448000 	C:\Windows\System32\gdi32full.dll
0x00007ffe73570000 - 0x00007ffe7360e000 	C:\Windows\System32\msvcp_win.dll
0x00007ffe738c0000 - 0x00007ffe739ba000 	C:\Windows\System32\ucrtbase.dll
0x00007ffe5fb80000 - 0x00007ffe5fe04000 	C:\Windows\WinSxS\amd64_microsoft.windows.common-controls_6595b64144ccf1df_6.0.18362.1440_none_9e7dbfb9e45e8e67\COMCTL32.dll
0x00007ffe74dd0000 - 0x00007ffe75106000 	C:\Windows\System32\combase.dll
0x00007ffe73480000 - 0x00007ffe73501000 	C:\Windows\System32\bcryptPrimitives.dll
0x00007ffe74ad0000 - 0x00007ffe74afe000 	C:\Windows\System32\IMM32.DLL
0x0000000057af0000 - 0x0000000057bc2000 	D:\softwrae\Android_studio\androidstudio\jre\jre\bin\msvcr100.dll
0x0000000057cf0000 - 0x000000005853b000 	D:\softwrae\Android_studio\androidstudio\jre\jre\bin\server\jvm.dll
0x00007ffe74a00000 - 0x00007ffe74a08000 	C:\Windows\System32\PSAPI.DLL
0x00007ffe5b400000 - 0x00007ffe5b409000 	C:\Windows\SYSTEM32\WSOCK32.dll
0x00007ffe75360000 - 0x00007ffe753cf000 	C:\Windows\System32\WS2_32.dll
0x00007ffe710e0000 - 0x00007ffe71104000 	C:\Windows\SYSTEM32\WINMM.dll
0x00007ffe65a20000 - 0x00007ffe65a2a000 	C:\Windows\SYSTEM32\VERSION.dll
0x00007ffe70ed0000 - 0x00007ffe70efd000 	C:\Windows\SYSTEM32\WINMMBASE.dll
0x00007ffe739e0000 - 0x00007ffe73a2a000 	C:\Windows\System32\cfgmgr32.dll
0x00007ffe6fa50000 - 0x00007ffe6fa5f000 	D:\softwrae\Android_studio\androidstudio\jre\jre\bin\verify.dll
0x00007ffe5f670000 - 0x00007ffe5f699000 	D:\softwrae\Android_studio\androidstudio\jre\jre\bin\java.dll
0x00007ffe6fa30000 - 0x00007ffe6fa46000 	D:\softwrae\Android_studio\androidstudio\jre\jre\bin\zip.dll
0x00007ffe74310000 - 0x00007ffe749f8000 	C:\Windows\System32\SHELL32.dll
0x00007ffe74a20000 - 0x00007ffe74ac7000 	C:\Windows\System32\shcore.dll
0x00007ffe73b90000 - 0x00007ffe7430b000 	C:\Windows\System32\windows.storage.dll
0x00007ffe73160000 - 0x00007ffe7317e000 	C:\Windows\System32\profapi.dll
0x00007ffe73180000 - 0x00007ffe731ca000 	C:\Windows\System32\powrprof.dll
0x00007ffe73110000 - 0x00007ffe73120000 	C:\Windows\System32\UMPDC.dll
0x00007ffe75110000 - 0x00007ffe75162000 	C:\Windows\System32\shlwapi.dll
0x00007ffe73140000 - 0x00007ffe73151000 	C:\Windows\System32\kernel.appcore.dll
0x00007ffe739c0000 - 0x00007ffe739d7000 	C:\Windows\System32\cryptsp.dll
0x00007ffe724d0000 - 0x00007ffe72503000 	C:\Windows\system32\rsaenh.dll
0x00007ffe73450000 - 0x00007ffe73476000 	C:\Windows\System32\bcrypt.dll
0x00007ffe72ff0000 - 0x00007ffe73015000 	C:\Windows\SYSTEM32\USERENV.dll
0x00007ffe72b20000 - 0x00007ffe72b2c000 	C:\Windows\SYSTEM32\CRYPTBASE.dll
0x00007ffe6e5d0000 - 0x00007ffe6e5ea000 	D:\softwrae\Android_studio\androidstudio\jre\jre\bin\net.dll
0x00007ffe72950000 - 0x00007ffe729b7000 	C:\Windows\system32\mswsock.dll
0x00007ffe72660000 - 0x00007ffe7269a000 	C:\Windows\SYSTEM32\IPHLPAPI.DLL
0x00007ffe75690000 - 0x00007ffe75698000 	C:\Windows\System32\NSI.dll
0x00007ffe6b0c0000 - 0x00007ffe6b0d6000 	C:\Windows\SYSTEM32\dhcpcsvc6.DLL
0x00007ffe6aba0000 - 0x00007ffe6abbc000 	C:\Windows\SYSTEM32\dhcpcsvc.DLL
0x00007ffe726b0000 - 0x00007ffe7277b000 	C:\Windows\SYSTEM32\DNSAPI.dll
0x00007ffe63f40000 - 0x00007ffe63f53000 	D:\softwrae\Android_studio\androidstudio\jre\jre\bin\nio.dll

VM Arguments:
jvm_args: -Djava.awt.headless=true -Xmx64M -Dfile.encoding=UTF-8 -Duser.country=CN -Duser.language=zh -Duser.variant 
java_command: com.google.devtools.build.android.desugar.Desugar --input C:\data\software\Android_studio\Reposities\kaoyanAPP\app\build\intermediates\transforms\stackFramesFixer\debug\28.jar --output C:\data\software\Android_studio\Reposities\kaoyanAPP\app\build\intermediates\transforms\desugar\debug\29.jar --input C:\data\software\Android_studio\Reposities\kaoyanAPP\app\build\intermediates\transforms\stackFramesFixer\debug\9.jar --output C:\data\software\Android_studio\Reposities\kaoyanAPP\app\build\intermediates\transforms\desugar\debug\10.jar --input C:\data\software\Android_studio\Reposities\kaoyanAPP\app\build\intermediates\transforms\stackFramesFixer\debug\29.jar --output C:\data\software\Android_studio\Reposities\kaoyanAPP\app\build\intermediates\transforms\desugar\debug\30.jar --input C:\data\software\Android_studio\Reposities\kaoyanAPP\app\build\intermediates\transforms\stackFramesFixer\debug\33.jar --output C:\data\software\Android_studio\Reposities\kaoyanAPP\app\build\intermediates\transforms\desugar\debug\34.jar --classpath_entry C:\data\software\Android_studio\Reposities\kaoyanAPP\app\build\intermediates\classes\debug --classpath_entry C:\data\software\Android_studio\Reposities\kaoyanAPP\app\build\intermediates\transforms\stackFramesFixer\debug\0.jar --classpath_entry C:\data\software\Android_studio\Reposities\kaoyanAPP\app\build\intermediates\transforms\stackFramesFixer\debug\1.jar --classpath_entry C:\data\software\Android_studio\Reposities\kaoyanAPP\app\build\intermediates\transforms\stackFramesFixer\debug\2.jar --classpath_entry C:\data\software\Android_studio\Reposities\kaoyanAPP\app\build\intermediates\transforms\stackFramesFixer\debug\3.jar --classpath_entry C:\data\software\Android_studio\Reposities\kaoyanAPP\app\build\intermediates\transforms\stackFramesFixer\debug\4.jar --classpath_entry C:\data\software\Android_studio\Reposities\kaoyanAPP\app\build\intermediates\transforms\stackFramesFixer\debug\5.jar --classpath_entry C:\data\software\Andro
java_class_path (initial): C:\Users\15751\AppData\Local\Temp\desugar_deploy.jar4490792368474580725
Launcher Type: SUN_STANDARD

Environment Variables:
JAVA_HOME=C:\Program Files\Java\jdk1.8.0_271
CLASSPATH=.;C:\Program Files\Java\jdk1.8.0_271\bin;C:\Program Files\Java\jdk1.8.0_271\lib\dt.jar;C:\Program Files\Java\jdk1.8.0_271\lib\tools.jar
PATH=C:\data\software\vmware\vmware\bin\;C:\Program Files\Java\jdk1.8.0_271\bin;C:\Program Files\Java\jdk1.8.0_271\jre\bin;C:\data\software\git\git\cmd;C:\data\software\tools\maven\apache-maven-3.6.3\bin;C:\Program Files\Microsoft SQL Server\130\Tools\Binn\;C:\Program Files\Java\jdk1.8.0_271;C:\data\software\tools\gradle\gradle\gradle-6.7\bin\;C:\Program Files\NVIDIA Corporation\NVIDIA NvDLISR;C:\Windows\System32;C:\Program Files\dotnet\;C:\Program Files\Microsoft SQL Server\Client SDK\ODBC\170\Tools\Binn\;D:\softwrae\Tools\Xshell_7.0.0054\评估版\data\;C:\Users\15751\AppData\Local\Programs\Python\Python37\Scripts\;C:\Users\15751\AppData\Local\Programs\Python\Python37\;C:\Users\15751\AppData\Local\Microsoft\WindowsApps;;C:\data\software\idea\idea\IntelliJ IDEA 2020.2.3\bin;;C:\data\software\pycharm\pycharm\bin;;D:\softwrae\jetBrains\dataGrip\dataGrip\bin;;C:\Users\15751\.dotnet\tools
USERNAME=15751
OS=Windows_NT
PROCESSOR_IDENTIFIER=Intel64 Family 6 Model 158 Stepping 10, GenuineIntel



---------------  S Y S T E M  ---------------

OS: Windows 10.0 , 64 bit Build 18362 (10.0.18362.1350)

CPU:total 12 (initial active 12) (6 cores per cpu, 2 threads per core) family 6 model 158 stepping 10, cmov, cx8, fxsr, mmx, sse, sse2, sse3, ssse3, sse4.1, sse4.2, popcnt, avx, avx2, aes, clmul, erms, 3dnowpref, lzcnt, ht, tsc, tscinvbit, bmi1, bmi2, adx

Memory: 4k page, physical 16642228k(3544268k free), swap 25030836k(5120k free)

vm_info: OpenJDK 64-Bit Server VM (25.242-b01) for windows-amd64 JRE (1.8.0_242-release-1644-b01), built by "builder" with MS VC++ 10.0 (VS2010)

time: Tue Apr 06 10:19:30 2021
timezone: 中国标准时间
elapsed time: 3 seconds (0d 0h 0m 3s)

